******************************************************************
** WARNING: --SEIDecodedPictureHash is now disabled by default. **
**          Automatic verification of decoded pictures by a     **
**          decoder requires this option to be enabled.         **
******************************************************************
***************************************************************************
** WARNING: For conforming bitstreams a valid Level value must be set!   **
***************************************************************************
****************************************************************************
** WARNING: --CUNoSplitIntraACT has been disabled                         **
**  due to the disabling of --ColourTransform                             **
****************************************************************************

HM software: Encoder Version [16.21_SCM8.8] (including RExt)[Linux][GCC 8.3.0][64 bit] 


Input          File                    : /data/ReferenceSequences/GraphicsMixSimple-FullHD-10bit/GraphicsMixSimple-FullHD-10bit.yuv
Bitstream      File                    : /data/Anchors/Scenario-3/S3-A59-265.tmp/S3-A59-265_32.bin
Reconstruction File                    : /data/Anchors/Scenario-3/S3-A59-265.tmp/S3-A59-265_32.rec.yuv
Real     Format                        : 1920x1080 60Hz
Internal Format                        : 1920x1080 60Hz
Sequence PSNR output                   : Linear average only
Sequence MSE output                    : Disabled
Frame MSE output                       : Disabled
Print Clipped PSNR                     : Disabled
MS-SSIM output                         : Disabled
xPSNR calculation                      : Disabled
Cabac-zero-word-padding                : Enabled
Frame/Field                            : Frame based coding
Frame index                            : 0 - 599 (600 frames)
Profile                                : main10
CU size / depth / total-depth          : 64 / 4 / 4
RQT trans. size (min / max)            : 4 / 32
Max RQT depth inter                    : 3
Max RQT depth intra                    : 3
Min PCM size                           : 8
Motion search range                    : 64
Intra period                           : 60
Decoding refresh type                  : 2
QP                                     : 32
Max dQP signaling depth                : 0
Cb QP Offset                           : 0
Cr QP Offset                           : 0
QP adaptation                          : 0 (range=0)
GOP size                               : 1
Input bit depth                        : (Y:10, C:10)
MSB-extended bit depth                 : (Y:10, C:10)
Internal bit depth                     : (Y:10, C:10)
PCM sample bit depth                   : (Y:10, C:10)
Intra reference smoothing              : Enabled
diff_cu_chroma_qp_offset_depth         : -1
extended_precision_processing_flag     : Disabled
implicit_rdpcm_enabled_flag            : Disabled
explicit_rdpcm_enabled_flag            : Disabled
transform_skip_rotation_enabled_flag   : Disabled
transform_skip_context_enabled_flag    : Disabled
cross_component_prediction_enabled_flag: Disabled
high_precision_offsets_enabled_flag    : Disabled
persistent_rice_adaptation_enabled_flag: Disabled
cabac_bypass_alignment_enabled_flag    : Disabled
Intra block copying                    : Disabled
Adaptive colour transform              : Disabled
Palette mode                           : Disabled
log2_sao_offset_scale_luma             : 0
log2_sao_offset_scale_chroma           : 0
Cost function:                         : Lossy coding (default)
Motion Estimation                      : Diamond search
HashME                                 : 0
RateControl                            : 0
WPMethod                               : 0
Max Num Merge Candidates               : 5

TOOL CFG: IBD:0 HAD:1 RDQ:1 RDQTS:1 RDpenalty:0 LQP:0 SQP:0 ASR:0 MinSearchWindow:8 RestrictMESampling:0 FEN:1 ECU:0 FDM:1 CFM:0 ESD:0 RQT:1 TransformSkip:1 TransformSkipFast:1 TransformSkipLog2MaxSize:2 Slice: M=0 SliceSegment: M=0 CIP:0 SAO:1 PCM:0 TransQuantBypassEnabled:0 WPP:0 WPB:0 PME:2  WaveFrontSynchro:0 WaveFrontSubstreams:1 ScalingList:0 TMVPMode:1 AQpS:0 SignBitHidingFlag:1 RecalQP:0TransQuantBypassInferTUSplit:0 CUNoSplitIntraACT:0  MvResControl:0

Non-environment-variable-controlled macros set as follows: 

                                RExt__DECODER_DEBUG_BIT_STATISTICS =   0
                                      RExt__HIGH_BIT_DEPTH_SUPPORT =   0
                            RExt__HIGH_PRECISION_FORWARD_TRANSFORM =   0
                                        O0043_BEST_EFFORT_DECODING =   0
                                         ME_ENABLE_ROUNDING_OF_MVS =   1

                   Input ChromaFormatIDC =   4:2:0
       Output (internal) ChromaFormatIDC =   4:2:0

POC    0 TId: 0 ( I-SLICE, nQP 32 QP 32 )     275056 bits [Y 41.7341 dB    U 42.9601 dB    V 42.8223 dB] [ET    14 ] [L0 ] [L1 ]
POC    1 TId: 0 ( P-SLICE, nQP 32 QP 32 )       5288 bits [Y 42.0119 dB    U 43.1308 dB    V 42.9576 dB] [ET    21 ] [L0 0 ] [L1 ]
POC    2 TId: 0 ( P-SLICE, nQP 32 QP 32 )       1720 bits [Y 42.1138 dB    U 43.1801 dB    V 43.0447 dB] [ET    21 ] [L0 1 0 ] [L1 ]
POC    3 TId: 0 ( P-SLICE, nQP 32 QP 32 )       1320 bits [Y 42.1897 dB    U 43.1802 dB    V 43.0462 dB] [ET    22 ] [L0 2 1 0 ] [L1 ]
POC    4 TId: 0 ( P-SLICE, nQP 32 QP 32 )        736 bits [Y 42.2184 dB    U 43.1925 dB    V 43.0594 dB] [ET    24 ] [L0 3 2 1 0 ] [L1 ]
POC    5 TId: 0 ( P-SLICE, nQP 32 QP 32 )        336 bits [Y 42.2279 dB    U 43.1925 dB    V 43.0594 dB] [ET    24 ] [L0 4 3 2 1 ] [L1 ]
POC    6 TId: 0 ( P-SLICE, nQP 32 QP 32 )        344 bits [Y 42.2314 dB    U 43.1925 dB    V 43.0594 dB] [ET    23 ] [L0 5 4 3 2 ] [L1 ]
POC    7 TId: 0 ( P-SLICE, nQP 32 QP 32 )        272 bits [Y 42.2314 dB    U 43.1925 dB    V 43.0594 dB] [ET    23 ] [L0 6 5 4 3 ] [L1 ]
POC    8 TId: 0 ( P-SLICE, nQP 32 QP 32 )        272 bits [Y 42.2314 dB    U 43.1925 dB    V 43.0594 dB] [ET    23 ] [L0 7 6 5 4 ] [L1 ]
POC    9 TId: 0 ( P-SLICE, nQP 32 QP 32 )        272 bits [Y 42.2314 dB    U 43.1925 dB    V 43.0594 dB] [ET    23 ] [L0 8 7 6 5 ] [L1 ]
POC   10 TId: 0 ( P-SLICE, nQP 32 QP 32 )        272 bits [Y 42.2314 dB    U 43.1925 dB    V 43.0594 dB] [ET    23 ] [L0 9 8 7 6 ] [L1 ]
POC   11 TId: 0 ( P-SLICE, nQP 32 QP 32 )        272 bits [Y 42.2314 dB    U 43.1925 dB    V 43.0594 dB] [ET    23 ] [L0 10 9 8 7 ] [L1 ]
POC   12 TId: 0 ( P-SLICE, nQP 32 QP 32 )        272 bits [Y 42.2314 dB    U 43.1925 dB    V 43.0594 dB] [ET    23 ] [L0 11 10 9 8 ] [L1 ]
POC   13 TId: 0 ( P-SLICE, nQP 32 QP 32 )        272 bits [Y 42.2314 dB    U 43.1925 dB    V 43.0594 dB] [ET    23 ] [L0 12 11 10 9 ] [L1 ]
POC   14 TId: 0 ( P-SLICE, nQP 32 QP 32 )        272 bits [Y 42.2314 dB    U 43.1925 dB    V 43.0594 dB] [ET    23 ] [L0 13 12 11 10 ] [L1 ]
POC   15 TId: 0 ( P-SLICE, nQP 32 QP 32 )        272 bits [Y 42.2314 dB    U 43.1925 dB    V 43.0594 dB] [ET    23 ] [L0 14 13 12 11 ] [L1 ]
POC   16 TId: 0 ( P-SLICE, nQP 32 QP 32 )        272 bits [Y 42.2314 dB    U 43.1925 dB    V 43.0594 dB] [ET    23 ] [L0 15 14 13 12 ] [L1 ]
POC   17 TId: 0 ( P-SLICE, nQP 32 QP 32 )        272 bits [Y 42.2314 dB    U 43.1925 dB    V 43.0594 dB] [ET    23 ] [L0 16 15 14 13 ] [L1 ]
POC   18 TId: 0 ( P-SLICE, nQP 32 QP 32 )        272 bits [Y 42.2314 dB    U 43.1925 dB    V 43.0594 dB] [ET    23 ] [L0 17 16 15 14 ] [L1 ]
POC   19 TId: 0 ( P-SLICE, nQP 32 QP 32 )        272 bits [Y 42.2314 dB    U 43.1925 dB    V 43.0594 dB] [ET    23 ] [L0 18 17 16 15 ] [L1 ]
POC   20 TId: 0 ( P-SLICE, nQP 32 QP 32 )        272 bits [Y 42.2314 dB    U 43.1925 dB    V 43.0594 dB] [ET    23 ] [L0 19 18 17 16 ] [L1 ]
POC   21 TId: 0 ( P-SLICE, nQP 32 QP 32 )        272 bits [Y 42.2314 dB    U 43.1925 dB    V 43.0594 dB] [ET    23 ] [L0 20 19 18 17 ] [L1 ]
POC   22 TId: 0 ( P-SLICE, nQP 32 QP 32 )        272 bits [Y 42.2314 dB    U 43.1925 dB    V 43.0594 dB] [ET    23 ] [L0 21 20 19 18 ] [L1 ]
POC   23 TId: 0 ( P-SLICE, nQP 32 QP 32 )        272 bits [Y 42.2314 dB    U 43.1925 dB    V 43.0594 dB] [ET    23 ] [L0 22 21 20 19 ] [L1 ]
POC   24 TId: 0 ( P-SLICE, nQP 32 QP 32 )        272 bits [Y 42.2314 dB    U 43.1925 dB    V 43.0594 dB] [ET    23 ] [L0 23 22 21 20 ] [L1 ]
POC   25 TId: 0 ( P-SLICE, nQP 32 QP 32 )        272 bits [Y 42.2314 dB    U 43.1925 dB    V 43.0594 dB] [ET    23 ] [L0 24 23 22 21 ] [L1 ]
POC   26 TId: 0 ( P-SLICE, nQP 32 QP 32 )        272 bits [Y 42.2314 dB    U 43.1925 dB    V 43.0594 dB] [ET    23 ] [L0 25 24 23 22 ] [L1 ]
POC   27 TId: 0 ( P-SLICE, nQP 32 QP 32 )        272 bits [Y 42.2314 dB    U 43.1925 dB    V 43.0594 dB] [ET    23 ] [L0 26 25 24 23 ] [L1 ]
POC   28 TId: 0 ( P-SLICE, nQP 32 QP 32 )        272 bits [Y 42.2314 dB    U 43.1925 dB    V 43.0594 dB] [ET    23 ] [L0 27 26 25 24 ] [L1 ]
POC   29 TId: 0 ( P-SLICE, nQP 32 QP 32 )        272 bits [Y 42.2314 dB    U 43.1925 dB    V 43.0594 dB] [ET    23 ] [L0 28 27 26 25 ] [L1 ]
POC   30 TId: 0 ( P-SLICE, nQP 32 QP 32 )        272 bits [Y 42.2314 dB    U 43.1925 dB    V 43.0594 dB] [ET    23 ] [L0 29 28 27 26 ] [L1 ]
POC   31 TId: 0 ( P-SLICE, nQP 32 QP 32 )        272 bits [Y 42.2314 dB    U 43.1925 dB    V 43.0594 dB] [ET    23 ] [L0 30 29 28 27 ] [L1 ]
POC   32 TId: 0 ( P-SLICE, nQP 32 QP 32 )        272 bits [Y 42.2314 dB    U 43.1925 dB    V 43.0594 dB] [ET    23 ] [L0 31 30 29 28 ] [L1 ]
POC   33 TId: 0 ( P-SLICE, nQP 32 QP 32 )        272 bits [Y 42.2314 dB    U 43.1925 dB    V 43.0594 dB] [ET    23 ] [L0 32 31 30 29 ] [L1 ]
POC   34 TId: 0 ( P-SLICE, nQP 32 QP 32 )        272 bits [Y 42.2314 dB    U 43.1925 dB    V 43.0594 dB] [ET    23 ] [L0 33 32 31 30 ] [L1 ]
POC   35 TId: 0 ( P-SLICE, nQP 32 QP 32 )        272 bits [Y 42.2314 dB    U 43.1925 dB    V 43.0594 dB] [ET    23 ] [L0 34 33 32 31 ] [L1 ]
POC   36 TId: 0 ( P-SLICE, nQP 32 QP 32 )        272 bits [Y 42.2314 dB    U 43.1925 dB    V 43.0594 dB] [ET    23 ] [L0 35 34 33 32 ] [L1 ]
POC   37 TId: 0 ( P-SLICE, nQP 32 QP 32 )        272 bits [Y 42.2314 dB    U 43.1925 dB    V 43.0594 dB] [ET    23 ] [L0 36 35 34 33 ] [L1 ]
POC   38 TId: 0 ( P-SLICE, nQP 32 QP 32 )        272 bits [Y 42.2314 dB    U 43.1925 dB    V 43.0594 dB] [ET    23 ] [L0 37 36 35 34 ] [L1 ]
POC   39 TId: 0 ( P-SLICE, nQP 32 QP 32 )        272 bits [Y 42.2314 dB    U 43.1925 dB    V 43.0594 dB] [ET    23 ] [L0 38 37 36 35 ] [L1 ]
POC   40 TId: 0 ( P-SLICE, nQP 32 QP 32 )        272 bits [Y 42.2314 dB    U 43.1925 dB    V 43.0594 dB] [ET    23 ] [L0 39 38 37 36 ] [L1 ]
POC   41 TId: 0 ( P-SLICE, nQP 32 QP 32 )        272 bits [Y 42.2314 dB    U 43.1925 dB    V 43.0594 dB] [ET    23 ] [L0 40 39 38 37 ] [L1 ]
POC   42 TId: 0 ( P-SLICE, nQP 32 QP 32 )        272 bits [Y 42.2314 dB    U 43.1925 dB    V 43.0594 dB] [ET    23 ] [L0 41 40 39 38 ] [L1 ]
POC   43 TId: 0 ( P-SLICE, nQP 32 QP 32 )        272 bits [Y 42.2314 dB    U 43.1925 dB    V 43.0594 dB] [ET    23 ] [L0 42 41 40 39 ] [L1 ]
POC   44 TId: 0 ( P-SLICE, nQP 32 QP 32 )        272 bits [Y 42.2314 dB    U 43.1925 dB    V 43.0594 dB] [ET    23 ] [L0 43 42 41 40 ] [L1 ]
POC   45 TId: 0 ( P-SLICE, nQP 32 QP 32 )        272 bits [Y 42.2314 dB    U 43.1925 dB    V 43.0594 dB] [ET    23 ] [L0 44 43 42 41 ] [L1 ]
POC   46 TId: 0 ( P-SLICE, nQP 32 QP 32 )        272 bits [Y 42.2314 dB    U 43.1925 dB    V 43.0594 dB] [ET    23 ] [L0 45 44 43 42 ] [L1 ]
POC   47 TId: 0 ( P-SLICE, nQP 32 QP 32 )        272 bits [Y 42.2314 dB    U 43.1925 dB    V 43.0594 dB] [ET    23 ] [L0 46 45 44 43 ] [L1 ]
POC   48 TId: 0 ( P-SLICE, nQP 32 QP 32 )        272 bits [Y 42.2314 dB    U 43.1925 dB    V 43.0594 dB] [ET    23 ] [L0 47 46 45 44 ] [L1 ]
POC   49 TId: 0 ( P-SLICE, nQP 32 QP 32 )        272 bits [Y 42.2314 dB    U 43.1925 dB    V 43.0594 dB] [ET    23 ] [L0 48 47 46 45 ] [L1 ]
POC   50 TId: 0 ( P-SLICE, nQP 32 QP 32 )        272 bits [Y 42.2314 dB    U 43.1925 dB    V 43.0594 dB] [ET    23 ] [L0 49 48 47 46 ] [L1 ]
POC   51 TId: 0 ( P-SLICE, nQP 32 QP 32 )        272 bits [Y 42.2314 dB    U 43.1925 dB    V 43.0594 dB] [ET    23 ] [L0 50 49 48 47 ] [L1 ]
POC   52 TId: 0 ( P-SLICE, nQP 32 QP 32 )        272 bits [Y 42.2314 dB    U 43.1925 dB    V 43.0594 dB] [ET    23 ] [L0 51 50 49 48 ] [L1 ]
POC   53 TId: 0 ( P-SLICE, nQP 32 QP 32 )        272 bits [Y 42.2314 dB    U 43.1925 dB    V 43.0594 dB] [ET    23 ] [L0 52 51 50 49 ] [L1 ]
POC   54 TId: 0 ( P-SLICE, nQP 32 QP 32 )        272 bits [Y 42.2314 dB    U 43.1925 dB    V 43.0594 dB] [ET    23 ] [L0 53 52 51 50 ] [L1 ]
POC   55 TId: 0 ( P-SLICE, nQP 32 QP 32 )        272 bits [Y 42.2314 dB    U 43.1925 dB    V 43.0594 dB] [ET    23 ] [L0 54 53 52 51 ] [L1 ]
POC   56 TId: 0 ( P-SLICE, nQP 32 QP 32 )        272 bits [Y 42.2314 dB    U 43.1925 dB    V 43.0594 dB] [ET    22 ] [L0 55 54 53 52 ] [L1 ]
POC   57 TId: 0 ( P-SLICE, nQP 32 QP 32 )        272 bits [Y 42.2314 dB    U 43.1925 dB    V 43.0594 dB] [ET    23 ] [L0 56 55 54 53 ] [L1 ]
POC   58 TId: 0 ( P-SLICE, nQP 32 QP 32 )        272 bits [Y 42.2314 dB    U 43.1925 dB    V 43.0594 dB] [ET    23 ] [L0 57 56 55 54 ] [L1 ]
POC   59 TId: 0 ( P-SLICE, nQP 32 QP 32 )        272 bits [Y 42.2314 dB    U 43.1925 dB    V 43.0594 dB] [ET    23 ] [L0 58 57 56 55 ] [L1 ]
POC   60 TId: 0 ( I-SLICE, nQP 32 QP 32 )     275056 bits [Y 41.7341 dB    U 42.9601 dB    V 42.8223 dB] [ET    13 ] [L0 ] [L1 ]
POC   61 TId: 0 ( P-SLICE, nQP 32 QP 32 )       5288 bits [Y 42.0119 dB    U 43.1308 dB    V 42.9576 dB] [ET    20 ] [L0 0 ] [L1 ]
POC   62 TId: 0 ( P-SLICE, nQP 32 QP 32 )       1720 bits [Y 42.1138 dB    U 43.1801 dB    V 43.0447 dB] [ET    20 ] [L0 1 0 ] [L1 ]
POC   63 TId: 0 ( P-SLICE, nQP 32 QP 32 )       1320 bits [Y 42.1897 dB    U 43.1802 dB    V 43.0462 dB] [ET    21 ] [L0 2 1 0 ] [L1 ]
POC   64 TId: 0 ( P-SLICE, nQP 32 QP 32 )        736 bits [Y 42.2184 dB    U 43.1925 dB    V 43.0594 dB] [ET    23 ] [L0 3 2 1 0 ] [L1 ]
POC   65 TId: 0 ( P-SLICE, nQP 32 QP 32 )        336 bits [Y 42.2279 dB    U 43.1925 dB    V 43.0594 dB] [ET    23 ] [L0 4 3 2 1 ] [L1 ]
POC   66 TId: 0 ( P-SLICE, nQP 32 QP 32 )        344 bits [Y 42.2314 dB    U 43.1925 dB    V 43.0594 dB] [ET    23 ] [L0 5 4 3 2 ] [L1 ]
POC   67 TId: 0 ( P-SLICE, nQP 32 QP 32 )        272 bits [Y 42.2314 dB    U 43.1925 dB    V 43.0594 dB] [ET    23 ] [L0 6 5 4 3 ] [L1 ]
POC   68 TId: 0 ( P-SLICE, nQP 32 QP 32 )        272 bits [Y 42.2314 dB    U 43.1925 dB    V 43.0594 dB] [ET    23 ] [L0 7 6 5 4 ] [L1 ]
POC   69 TId: 0 ( P-SLICE, nQP 32 QP 32 )        272 bits [Y 42.2314 dB    U 43.1925 dB    V 43.0594 dB] [ET    23 ] [L0 8 7 6 5 ] [L1 ]
POC   70 TId: 0 ( P-SLICE, nQP 32 QP 32 )        272 bits [Y 42.2314 dB    U 43.1925 dB    V 43.0594 dB] [ET    23 ] [L0 9 8 7 6 ] [L1 ]
POC   71 TId: 0 ( P-SLICE, nQP 32 QP 32 )        272 bits [Y 42.2314 dB    U 43.1925 dB    V 43.0594 dB] [ET    23 ] [L0 10 9 8 7 ] [L1 ]
POC   72 TId: 0 ( P-SLICE, nQP 32 QP 32 )        272 bits [Y 42.2314 dB    U 43.1925 dB    V 43.0594 dB] [ET    23 ] [L0 11 10 9 8 ] [L1 ]
POC   73 TId: 0 ( P-SLICE, nQP 32 QP 32 )        272 bits [Y 42.2314 dB    U 43.1925 dB    V 43.0594 dB] [ET    23 ] [L0 12 11 10 9 ] [L1 ]
POC   74 TId: 0 ( P-SLICE, nQP 32 QP 32 )        272 bits [Y 42.2314 dB    U 43.1925 dB    V 43.0594 dB] [ET    23 ] [L0 13 12 11 10 ] [L1 ]
POC   75 TId: 0 ( P-SLICE, nQP 32 QP 32 )        272 bits [Y 42.2314 dB    U 43.1925 dB    V 43.0594 dB] [ET    23 ] [L0 14 13 12 11 ] [L1 ]
POC   76 TId: 0 ( P-SLICE, nQP 32 QP 32 )        272 bits [Y 42.2314 dB    U 43.1925 dB    V 43.0594 dB] [ET    23 ] [L0 15 14 13 12 ] [L1 ]
POC   77 TId: 0 ( P-SLICE, nQP 32 QP 32 )        272 bits [Y 42.2314 dB    U 43.1925 dB    V 43.0594 dB] [ET    23 ] [L0 16 15 14 13 ] [L1 ]
POC   78 TId: 0 ( P-SLICE, nQP 32 QP 32 )        272 bits [Y 42.2314 dB    U 43.1925 dB    V 43.0594 dB] [ET    23 ] [L0 17 16 15 14 ] [L1 ]
POC   79 TId: 0 ( P-SLICE, nQP 32 QP 32 )        272 bits [Y 42.2314 dB    U 43.1925 dB    V 43.0594 dB] [ET    23 ] [L0 18 17 16 15 ] [L1 ]
POC   80 TId: 0 ( P-SLICE, nQP 32 QP 32 )        272 bits [Y 42.2314 dB    U 43.1925 dB    V 43.0594 dB] [ET    23 ] [L0 19 18 17 16 ] [L1 ]
POC   81 TId: 0 ( P-SLICE, nQP 32 QP 32 )        272 bits [Y 42.2314 dB    U 43.1925 dB    V 43.0594 dB] [ET    23 ] [L0 20 19 18 17 ] [L1 ]
POC   82 TId: 0 ( P-SLICE, nQP 32 QP 32 )        272 bits [Y 42.2314 dB    U 43.1925 dB    V 43.0594 dB] [ET    23 ] [L0 21 20 19 18 ] [L1 ]
POC   83 TId: 0 ( P-SLICE, nQP 32 QP 32 )        272 bits [Y 42.2314 dB    U 43.1925 dB    V 43.0594 dB] [ET    23 ] [L0 22 21 20 19 ] [L1 ]
POC   84 TId: 0 ( P-SLICE, nQP 32 QP 32 )        272 bits [Y 42.2314 dB    U 43.1925 dB    V 43.0594 dB] [ET    23 ] [L0 23 22 21 20 ] [L1 ]
POC   85 TId: 0 ( P-SLICE, nQP 32 QP 32 )        272 bits [Y 42.2314 dB    U 43.1925 dB    V 43.0594 dB] [ET    23 ] [L0 24 23 22 21 ] [L1 ]
POC   86 TId: 0 ( P-SLICE, nQP 32 QP 32 )        272 bits [Y 42.2314 dB    U 43.1925 dB    V 43.0594 dB] [ET    23 ] [L0 25 24 23 22 ] [L1 ]
POC   87 TId: 0 ( P-SLICE, nQP 32 QP 32 )        272 bits [Y 42.2314 dB    U 43.1925 dB    V 43.0594 dB] [ET    23 ] [L0 26 25 24 23 ] [L1 ]
POC   88 TId: 0 ( P-SLICE, nQP 32 QP 32 )        272 bits [Y 42.2314 dB    U 43.1925 dB    V 43.0594 dB] [ET    23 ] [L0 27 26 25 24 ] [L1 ]
POC   89 TId: 0 ( P-SLICE, nQP 32 QP 32 )        272 bits [Y 42.2314 dB    U 43.1925 dB    V 43.0594 dB] [ET    23 ] [L0 28 27 26 25 ] [L1 ]
POC   90 TId: 0 ( P-SLICE, nQP 32 QP 32 )        272 bits [Y 42.2314 dB    U 43.1925 dB    V 43.0594 dB] [ET    23 ] [L0 29 28 27 26 ] [L1 ]
POC   91 TId: 0 ( P-SLICE, nQP 32 QP 32 )        272 bits [Y 42.2314 dB    U 43.1925 dB    V 43.0594 dB] [ET    23 ] [L0 30 29 28 27 ] [L1 ]
POC   92 TId: 0 ( P-SLICE, nQP 32 QP 32 )        272 bits [Y 42.2314 dB    U 43.1925 dB    V 43.0594 dB] [ET    23 ] [L0 31 30 29 28 ] [L1 ]
POC   93 TId: 0 ( P-SLICE, nQP 32 QP 32 )        272 bits [Y 42.2314 dB    U 43.1925 dB    V 43.0594 dB] [ET    23 ] [L0 32 31 30 29 ] [L1 ]
POC   94 TId: 0 ( P-SLICE, nQP 32 QP 32 )        272 bits [Y 42.2314 dB    U 43.1925 dB    V 43.0594 dB] [ET    23 ] [L0 33 32 31 30 ] [L1 ]
POC   95 TId: 0 ( P-SLICE, nQP 32 QP 32 )        272 bits [Y 42.2314 dB    U 43.1925 dB    V 43.0594 dB] [ET    23 ] [L0 34 33 32 31 ] [L1 ]
POC   96 TId: 0 ( P-SLICE, nQP 32 QP 32 )        272 bits [Y 42.2314 dB    U 43.1925 dB    V 43.0594 dB] [ET    23 ] [L0 35 34 33 32 ] [L1 ]
POC   97 TId: 0 ( P-SLICE, nQP 32 QP 32 )        272 bits [Y 42.2314 dB    U 43.1925 dB    V 43.0594 dB] [ET    23 ] [L0 36 35 34 33 ] [L1 ]
POC   98 TId: 0 ( P-SLICE, nQP 32 QP 32 )        272 bits [Y 42.2314 dB    U 43.1925 dB    V 43.0594 dB] [ET    23 ] [L0 37 36 35 34 ] [L1 ]
POC   99 TId: 0 ( P-SLICE, nQP 32 QP 32 )        272 bits [Y 42.2314 dB    U 43.1925 dB    V 43.0594 dB] [ET    23 ] [L0 38 37 36 35 ] [L1 ]
POC  100 TId: 0 ( P-SLICE, nQP 32 QP 32 )        272 bits [Y 42.2314 dB    U 43.1925 dB    V 43.0594 dB] [ET    23 ] [L0 39 38 37 36 ] [L1 ]
POC  101 TId: 0 ( P-SLICE, nQP 32 QP 32 )        272 bits [Y 42.2314 dB    U 43.1925 dB    V 43.0594 dB] [ET    23 ] [L0 40 39 38 37 ] [L1 ]
POC  102 TId: 0 ( P-SLICE, nQP 32 QP 32 )        272 bits [Y 42.2314 dB    U 43.1925 dB    V 43.0594 dB] [ET    23 ] [L0 41 40 39 38 ] [L1 ]
POC  103 TId: 0 ( P-SLICE, nQP 32 QP 32 )        272 bits [Y 42.2314 dB    U 43.1925 dB    V 43.0594 dB] [ET    23 ] [L0 42 41 40 39 ] [L1 ]
POC  104 TId: 0 ( P-SLICE, nQP 32 QP 32 )        272 bits [Y 42.2314 dB    U 43.1925 dB    V 43.0594 dB] [ET    23 ] [L0 43 42 41 40 ] [L1 ]
POC  105 TId: 0 ( P-SLICE, nQP 32 QP 32 )        272 bits [Y 42.2314 dB    U 43.1925 dB    V 43.0594 dB] [ET    23 ] [L0 44 43 42 41 ] [L1 ]
POC  106 TId: 0 ( P-SLICE, nQP 32 QP 32 )        272 bits [Y 42.2314 dB    U 43.1925 dB    V 43.0594 dB] [ET    23 ] [L0 45 44 43 42 ] [L1 ]
POC  107 TId: 0 ( P-SLICE, nQP 32 QP 32 )        272 bits [Y 42.2314 dB    U 43.1925 dB    V 43.0594 dB] [ET    23 ] [L0 46 45 44 43 ] [L1 ]
POC  108 TId: 0 ( P-SLICE, nQP 32 QP 32 )        272 bits [Y 42.2314 dB    U 43.1925 dB    V 43.0594 dB] [ET    23 ] [L0 47 46 45 44 ] [L1 ]
POC  109 TId: 0 ( P-SLICE, nQP 32 QP 32 )        272 bits [Y 42.2314 dB    U 43.1925 dB    V 43.0594 dB] [ET    23 ] [L0 48 47 46 45 ] [L1 ]
POC  110 TId: 0 ( P-SLICE, nQP 32 QP 32 )        272 bits [Y 42.2314 dB    U 43.1925 dB    V 43.0594 dB] [ET    23 ] [L0 49 48 47 46 ] [L1 ]
POC  111 TId: 0 ( P-SLICE, nQP 32 QP 32 )        272 bits [Y 42.2314 dB    U 43.1925 dB    V 43.0594 dB] [ET    23 ] [L0 50 49 48 47 ] [L1 ]
POC  112 TId: 0 ( P-SLICE, nQP 32 QP 32 )        272 bits [Y 42.2314 dB    U 43.1925 dB    V 43.0594 dB] [ET    23 ] [L0 51 50 49 48 ] [L1 ]
POC  113 TId: 0 ( P-SLICE, nQP 32 QP 32 )        272 bits [Y 42.2314 dB    U 43.1925 dB    V 43.0594 dB] [ET    23 ] [L0 52 51 50 49 ] [L1 ]
POC  114 TId: 0 ( P-SLICE, nQP 32 QP 32 )        272 bits [Y 42.2314 dB    U 43.1925 dB    V 43.0594 dB] [ET    23 ] [L0 53 52 51 50 ] [L1 ]
POC  115 TId: 0 ( P-SLICE, nQP 32 QP 32 )        272 bits [Y 42.2314 dB    U 43.1925 dB    V 43.0594 dB] [ET    23 ] [L0 54 53 52 51 ] [L1 ]
POC  116 TId: 0 ( P-SLICE, nQP 32 QP 32 )        272 bits [Y 42.2314 dB    U 43.1925 dB    V 43.0594 dB] [ET    23 ] [L0 55 54 53 52 ] [L1 ]
POC  117 TId: 0 ( P-SLICE, nQP 32 QP 32 )        272 bits [Y 42.2314 dB    U 43.1925 dB    V 43.0594 dB] [ET    23 ] [L0 56 55 54 53 ] [L1 ]
POC  118 TId: 0 ( P-SLICE, nQP 32 QP 32 )        272 bits [Y 42.2314 dB    U 43.1925 dB    V 43.0594 dB] [ET    23 ] [L0 57 56 55 54 ] [L1 ]
POC  119 TId: 0 ( P-SLICE, nQP 32 QP 32 )        272 bits [Y 42.2314 dB    U 43.1925 dB    V 43.0594 dB] [ET    23 ] [L0 58 57 56 55 ] [L1 ]
POC  120 TId: 0 ( I-SLICE, nQP 32 QP 32 )     275056 bits [Y 41.7341 dB    U 42.9601 dB    V 42.8223 dB] [ET    12 ] [L0 ] [L1 ]
POC  121 TId: 0 ( P-SLICE, nQP 32 QP 32 )       5288 bits [Y 42.0119 dB    U 43.1308 dB    V 42.9576 dB] [ET    19 ] [L0 0 ] [L1 ]
POC  122 TId: 0 ( P-SLICE, nQP 32 QP 32 )       1720 bits [Y 42.1138 dB    U 43.1801 dB    V 43.0447 dB] [ET    20 ] [L0 1 0 ] [L1 ]
POC  123 TId: 0 ( P-SLICE, nQP 32 QP 32 )       1320 bits [Y 42.1897 dB    U 43.1802 dB    V 43.0462 dB] [ET    21 ] [L0 2 1 0 ] [L1 ]
POC  124 TId: 0 ( P-SLICE, nQP 32 QP 32 )        736 bits [Y 42.2184 dB    U 43.1925 dB    V 43.0594 dB] [ET    23 ] [L0 3 2 1 0 ] [L1 ]
POC  125 TId: 0 ( P-SLICE, nQP 32 QP 32 )        336 bits [Y 42.2279 dB    U 43.1925 dB    V 43.0594 dB] [ET    23 ] [L0 4 3 2 1 ] [L1 ]
POC  126 TId: 0 ( P-SLICE, nQP 32 QP 32 )        344 bits [Y 42.2314 dB    U 43.1925 dB    V 43.0594 dB] [ET    23 ] [L0 5 4 3 2 ] [L1 ]
POC  127 TId: 0 ( P-SLICE, nQP 32 QP 32 )        272 bits [Y 42.2314 dB    U 43.1925 dB    V 43.0594 dB] [ET    23 ] [L0 6 5 4 3 ] [L1 ]
POC  128 TId: 0 ( P-SLICE, nQP 32 QP 32 )        272 bits [Y 42.2314 dB    U 43.1925 dB    V 43.0594 dB] [ET    23 ] [L0 7 6 5 4 ] [L1 ]
POC  129 TId: 0 ( P-SLICE, nQP 32 QP 32 )        272 bits [Y 42.2314 dB    U 43.1925 dB    V 43.0594 dB] [ET    23 ] [L0 8 7 6 5 ] [L1 ]
POC  130 TId: 0 ( P-SLICE, nQP 32 QP 32 )        272 bits [Y 42.2314 dB    U 43.1925 dB    V 43.0594 dB] [ET    23 ] [L0 9 8 7 6 ] [L1 ]
POC  131 TId: 0 ( P-SLICE, nQP 32 QP 32 )        272 bits [Y 42.2314 dB    U 43.1925 dB    V 43.0594 dB] [ET    23 ] [L0 10 9 8 7 ] [L1 ]
POC  132 TId: 0 ( P-SLICE, nQP 32 QP 32 )        272 bits [Y 42.2314 dB    U 43.1925 dB    V 43.0594 dB] [ET    23 ] [L0 11 10 9 8 ] [L1 ]
POC  133 TId: 0 ( P-SLICE, nQP 32 QP 32 )        272 bits [Y 42.2314 dB    U 43.1925 dB    V 43.0594 dB] [ET    23 ] [L0 12 11 10 9 ] [L1 ]
POC  134 TId: 0 ( P-SLICE, nQP 32 QP 32 )        272 bits [Y 42.2314 dB    U 43.1925 dB    V 43.0594 dB] [ET    23 ] [L0 13 12 11 10 ] [L1 ]
POC  135 TId: 0 ( P-SLICE, nQP 32 QP 32 )        272 bits [Y 42.2314 dB    U 43.1925 dB    V 43.0594 dB] [ET    23 ] [L0 14 13 12 11 ] [L1 ]
POC  136 TId: 0 ( P-SLICE, nQP 32 QP 32 )        272 bits [Y 42.2314 dB    U 43.1925 dB    V 43.0594 dB] [ET    23 ] [L0 15 14 13 12 ] [L1 ]
POC  137 TId: 0 ( P-SLICE, nQP 32 QP 32 )        272 bits [Y 42.2314 dB    U 43.1925 dB    V 43.0594 dB] [ET    23 ] [L0 16 15 14 13 ] [L1 ]
POC  138 TId: 0 ( P-SLICE, nQP 32 QP 32 )        272 bits [Y 42.2314 dB    U 43.1925 dB    V 43.0594 dB] [ET    23 ] [L0 17 16 15 14 ] [L1 ]
POC  139 TId: 0 ( P-SLICE, nQP 32 QP 32 )        272 bits [Y 42.2314 dB    U 43.1925 dB    V 43.0594 dB] [ET    23 ] [L0 18 17 16 15 ] [L1 ]
POC  140 TId: 0 ( P-SLICE, nQP 32 QP 32 )        272 bits [Y 42.2314 dB    U 43.1925 dB    V 43.0594 dB] [ET    23 ] [L0 19 18 17 16 ] [L1 ]
POC  141 TId: 0 ( P-SLICE, nQP 32 QP 32 )        272 bits [Y 42.2314 dB    U 43.1925 dB    V 43.0594 dB] [ET    23 ] [L0 20 19 18 17 ] [L1 ]
POC  142 TId: 0 ( P-SLICE, nQP 32 QP 32 )        272 bits [Y 42.2314 dB    U 43.1925 dB    V 43.0594 dB] [ET    23 ] [L0 21 20 19 18 ] [L1 ]
POC  143 TId: 0 ( P-SLICE, nQP 32 QP 32 )        272 bits [Y 42.2314 dB    U 43.1925 dB    V 43.0594 dB] [ET    23 ] [L0 22 21 20 19 ] [L1 ]
POC  144 TId: 0 ( P-SLICE, nQP 32 QP 32 )        272 bits [Y 42.2314 dB    U 43.1925 dB    V 43.0594 dB] [ET    23 ] [L0 23 22 21 20 ] [L1 ]
POC  145 TId: 0 ( P-SLICE, nQP 32 QP 32 )        272 bits [Y 42.2314 dB    U 43.1925 dB    V 43.0594 dB] [ET    23 ] [L0 24 23 22 21 ] [L1 ]
POC  146 TId: 0 ( P-SLICE, nQP 32 QP 32 )        272 bits [Y 42.2314 dB    U 43.1925 dB    V 43.0594 dB] [ET    23 ] [L0 25 24 23 22 ] [L1 ]
POC  147 TId: 0 ( P-SLICE, nQP 32 QP 32 )        272 bits [Y 42.2314 dB    U 43.1925 dB    V 43.0594 dB] [ET    23 ] [L0 26 25 24 23 ] [L1 ]
POC  148 TId: 0 ( P-SLICE, nQP 32 QP 32 )        272 bits [Y 42.2314 dB    U 43.1925 dB    V 43.0594 dB] [ET    23 ] [L0 27 26 25 24 ] [L1 ]
POC  149 TId: 0 ( P-SLICE, nQP 32 QP 32 )        272 bits [Y 42.2314 dB    U 43.1925 dB    V 43.0594 dB] [ET    23 ] [L0 28 27 26 25 ] [L1 ]
POC  150 TId: 0 ( P-SLICE, nQP 32 QP 32 )        272 bits [Y 42.2314 dB    U 43.1925 dB    V 43.0594 dB] [ET    23 ] [L0 29 28 27 26 ] [L1 ]
POC  151 TId: 0 ( P-SLICE, nQP 32 QP 32 )        272 bits [Y 42.2314 dB    U 43.1925 dB    V 43.0594 dB] [ET    23 ] [L0 30 29 28 27 ] [L1 ]
POC  152 TId: 0 ( P-SLICE, nQP 32 QP 32 )        272 bits [Y 42.2314 dB    U 43.1925 dB    V 43.0594 dB] [ET    23 ] [L0 31 30 29 28 ] [L1 ]
POC  153 TId: 0 ( P-SLICE, nQP 32 QP 32 )        272 bits [Y 42.2314 dB    U 43.1925 dB    V 43.0594 dB] [ET    23 ] [L0 32 31 30 29 ] [L1 ]
POC  154 TId: 0 ( P-SLICE, nQP 32 QP 32 )        272 bits [Y 42.2314 dB    U 43.1925 dB    V 43.0594 dB] [ET    23 ] [L0 33 32 31 30 ] [L1 ]
POC  155 TId: 0 ( P-SLICE, nQP 32 QP 32 )        272 bits [Y 42.2314 dB    U 43.1925 dB    V 43.0594 dB] [ET    23 ] [L0 34 33 32 31 ] [L1 ]
POC  156 TId: 0 ( P-SLICE, nQP 32 QP 32 )        272 bits [Y 42.2314 dB    U 43.1925 dB    V 43.0594 dB] [ET    23 ] [L0 35 34 33 32 ] [L1 ]
POC  157 TId: 0 ( P-SLICE, nQP 32 QP 32 )        272 bits [Y 42.2314 dB    U 43.1925 dB    V 43.0594 dB] [ET    23 ] [L0 36 35 34 33 ] [L1 ]
POC  158 TId: 0 ( P-SLICE, nQP 32 QP 32 )        272 bits [Y 42.2314 dB    U 43.1925 dB    V 43.0594 dB] [ET    23 ] [L0 37 36 35 34 ] [L1 ]
POC  159 TId: 0 ( P-SLICE, nQP 32 QP 32 )        272 bits [Y 42.2314 dB    U 43.1925 dB    V 43.0594 dB] [ET    23 ] [L0 38 37 36 35 ] [L1 ]
POC  160 TId: 0 ( P-SLICE, nQP 32 QP 32 )        272 bits [Y 42.2314 dB    U 43.1925 dB    V 43.0594 dB] [ET    23 ] [L0 39 38 37 36 ] [L1 ]
POC  161 TId: 0 ( P-SLICE, nQP 32 QP 32 )        272 bits [Y 42.2314 dB    U 43.1925 dB    V 43.0594 dB] [ET    23 ] [L0 40 39 38 37 ] [L1 ]
POC  162 TId: 0 ( P-SLICE, nQP 32 QP 32 )        272 bits [Y 42.2314 dB    U 43.1925 dB    V 43.0594 dB] [ET    23 ] [L0 41 40 39 38 ] [L1 ]
POC  163 TId: 0 ( P-SLICE, nQP 32 QP 32 )        272 bits [Y 42.2314 dB    U 43.1925 dB    V 43.0594 dB] [ET    23 ] [L0 42 41 40 39 ] [L1 ]
POC  164 TId: 0 ( P-SLICE, nQP 32 QP 32 )        272 bits [Y 42.2314 dB    U 43.1925 dB    V 43.0594 dB] [ET    23 ] [L0 43 42 41 40 ] [L1 ]
POC  165 TId: 0 ( P-SLICE, nQP 32 QP 32 )        272 bits [Y 42.2314 dB    U 43.1925 dB    V 43.0594 dB] [ET    23 ] [L0 44 43 42 41 ] [L1 ]
POC  166 TId: 0 ( P-SLICE, nQP 32 QP 32 )        272 bits [Y 42.2314 dB    U 43.1925 dB    V 43.0594 dB] [ET    23 ] [L0 45 44 43 42 ] [L1 ]
POC  167 TId: 0 ( P-SLICE, nQP 32 QP 32 )        272 bits [Y 42.2314 dB    U 43.1925 dB    V 43.0594 dB] [ET    23 ] [L0 46 45 44 43 ] [L1 ]
POC  168 TId: 0 ( P-SLICE, nQP 32 QP 32 )        272 bits [Y 42.2314 dB    U 43.1925 dB    V 43.0594 dB] [ET    23 ] [L0 47 46 45 44 ] [L1 ]
POC  169 TId: 0 ( P-SLICE, nQP 32 QP 32 )        272 bits [Y 42.2314 dB    U 43.1925 dB    V 43.0594 dB] [ET    23 ] [L0 48 47 46 45 ] [L1 ]
POC  170 TId: 0 ( P-SLICE, nQP 32 QP 32 )        272 bits [Y 42.2314 dB    U 43.1925 dB    V 43.0594 dB] [ET    23 ] [L0 49 48 47 46 ] [L1 ]
POC  171 TId: 0 ( P-SLICE, nQP 32 QP 32 )        272 bits [Y 42.2314 dB    U 43.1925 dB    V 43.0594 dB] [ET    23 ] [L0 50 49 48 47 ] [L1 ]
POC  172 TId: 0 ( P-SLICE, nQP 32 QP 32 )        272 bits [Y 42.2314 dB    U 43.1925 dB    V 43.0594 dB] [ET    23 ] [L0 51 50 49 48 ] [L1 ]
POC  173 TId: 0 ( P-SLICE, nQP 32 QP 32 )        272 bits [Y 42.2314 dB    U 43.1925 dB    V 43.0594 dB] [ET    22 ] [L0 52 51 50 49 ] [L1 ]
POC  174 TId: 0 ( P-SLICE, nQP 32 QP 32 )        272 bits [Y 42.2314 dB    U 43.1925 dB    V 43.0594 dB] [ET    23 ] [L0 53 52 51 50 ] [L1 ]
POC  175 TId: 0 ( P-SLICE, nQP 32 QP 32 )        272 bits [Y 42.2314 dB    U 43.1925 dB    V 43.0594 dB] [ET    23 ] [L0 54 53 52 51 ] [L1 ]
POC  176 TId: 0 ( P-SLICE, nQP 32 QP 32 )        272 bits [Y 42.2314 dB    U 43.1925 dB    V 43.0594 dB] [ET    23 ] [L0 55 54 53 52 ] [L1 ]
POC  177 TId: 0 ( P-SLICE, nQP 32 QP 32 )        272 bits [Y 42.2314 dB    U 43.1925 dB    V 43.0594 dB] [ET    23 ] [L0 56 55 54 53 ] [L1 ]
POC  178 TId: 0 ( P-SLICE, nQP 32 QP 32 )        272 bits [Y 42.2314 dB    U 43.1925 dB    V 43.0594 dB] [ET    23 ] [L0 57 56 55 54 ] [L1 ]
POC  179 TId: 0 ( P-SLICE, nQP 32 QP 32 )        272 bits [Y 42.2314 dB    U 43.1925 dB    V 43.0594 dB] [ET    23 ] [L0 58 57 56 55 ] [L1 ]
POC  180 TId: 0 ( I-SLICE, nQP 32 QP 32 )     275056 bits [Y 41.7341 dB    U 42.9601 dB    V 42.8223 dB] [ET    13 ] [L0 ] [L1 ]
POC  181 TId: 0 ( P-SLICE, nQP 32 QP 32 )       5288 bits [Y 42.0119 dB    U 43.1308 dB    V 42.9576 dB] [ET    20 ] [L0 0 ] [L1 ]
POC  182 TId: 0 ( P-SLICE, nQP 32 QP 32 )       1720 bits [Y 42.1138 dB    U 43.1801 dB    V 43.0447 dB] [ET    20 ] [L0 1 0 ] [L1 ]
POC  183 TId: 0 ( P-SLICE, nQP 32 QP 32 )       1320 bits [Y 42.1897 dB    U 43.1802 dB    V 43.0462 dB] [ET    21 ] [L0 2 1 0 ] [L1 ]
POC  184 TId: 0 ( P-SLICE, nQP 32 QP 32 )        736 bits [Y 42.2184 dB    U 43.1925 dB    V 43.0594 dB] [ET    23 ] [L0 3 2 1 0 ] [L1 ]
POC  185 TId: 0 ( P-SLICE, nQP 32 QP 32 )        336 bits [Y 42.2279 dB    U 43.1925 dB    V 43.0594 dB] [ET    23 ] [L0 4 3 2 1 ] [L1 ]
POC  186 TId: 0 ( P-SLICE, nQP 32 QP 32 )        344 bits [Y 42.2314 dB    U 43.1925 dB    V 43.0594 dB] [ET    23 ] [L0 5 4 3 2 ] [L1 ]
POC  187 TId: 0 ( P-SLICE, nQP 32 QP 32 )        272 bits [Y 42.2314 dB    U 43.1925 dB    V 43.0594 dB] [ET    23 ] [L0 6 5 4 3 ] [L1 ]
POC  188 TId: 0 ( P-SLICE, nQP 32 QP 32 )        272 bits [Y 42.2314 dB    U 43.1925 dB    V 43.0594 dB] [ET    23 ] [L0 7 6 5 4 ] [L1 ]
POC  189 TId: 0 ( P-SLICE, nQP 32 QP 32 )        272 bits [Y 42.2314 dB    U 43.1925 dB    V 43.0594 dB] [ET    23 ] [L0 8 7 6 5 ] [L1 ]
POC  190 TId: 0 ( P-SLICE, nQP 32 QP 32 )        272 bits [Y 42.2314 dB    U 43.1925 dB    V 43.0594 dB] [ET    23 ] [L0 9 8 7 6 ] [L1 ]
POC  191 TId: 0 ( P-SLICE, nQP 32 QP 32 )        272 bits [Y 42.2314 dB    U 43.1925 dB    V 43.0594 dB] [ET    23 ] [L0 10 9 8 7 ] [L1 ]
POC  192 TId: 0 ( P-SLICE, nQP 32 QP 32 )        272 bits [Y 42.2314 dB    U 43.1925 dB    V 43.0594 dB] [ET    23 ] [L0 11 10 9 8 ] [L1 ]
POC  193 TId: 0 ( P-SLICE, nQP 32 QP 32 )        272 bits [Y 42.2314 dB    U 43.1925 dB    V 43.0594 dB] [ET    23 ] [L0 12 11 10 9 ] [L1 ]
POC  194 TId: 0 ( P-SLICE, nQP 32 QP 32 )        272 bits [Y 42.2314 dB    U 43.1925 dB    V 43.0594 dB] [ET    23 ] [L0 13 12 11 10 ] [L1 ]
POC  195 TId: 0 ( P-SLICE, nQP 32 QP 32 )        272 bits [Y 42.2314 dB    U 43.1925 dB    V 43.0594 dB] [ET    23 ] [L0 14 13 12 11 ] [L1 ]
POC  196 TId: 0 ( P-SLICE, nQP 32 QP 32 )        272 bits [Y 42.2314 dB    U 43.1925 dB    V 43.0594 dB] [ET    23 ] [L0 15 14 13 12 ] [L1 ]
POC  197 TId: 0 ( P-SLICE, nQP 32 QP 32 )        272 bits [Y 42.2314 dB    U 43.1925 dB    V 43.0594 dB] [ET    23 ] [L0 16 15 14 13 ] [L1 ]
POC  198 TId: 0 ( P-SLICE, nQP 32 QP 32 )        272 bits [Y 42.2314 dB    U 43.1925 dB    V 43.0594 dB] [ET    23 ] [L0 17 16 15 14 ] [L1 ]
POC  199 TId: 0 ( P-SLICE, nQP 32 QP 32 )        272 bits [Y 42.2314 dB    U 43.1925 dB    V 43.0594 dB] [ET    23 ] [L0 18 17 16 15 ] [L1 ]
POC  200 TId: 0 ( P-SLICE, nQP 32 QP 32 )     301664 bits [Y 41.2073 dB    U 44.8115 dB    V 45.0546 dB] [ET    66 ] [L0 19 18 17 16 ] [L1 ]
POC  201 TId: 0 ( P-SLICE, nQP 32 QP 32 )       4384 bits [Y 41.4545 dB    U 44.9639 dB    V 45.1748 dB] [ET    27 ] [L0 20 19 18 17 ] [L1 ]
POC  202 TId: 0 ( P-SLICE, nQP 32 QP 32 )       1992 bits [Y 41.5931 dB    U 44.9639 dB    V 45.1759 dB] [ET    25 ] [L0 21 20 19 18 ] [L1 ]
POC  203 TId: 0 ( P-SLICE, nQP 32 QP 32 )        864 bits [Y 41.6678 dB    U 44.9659 dB    V 45.1759 dB] [ET    24 ] [L0 22 21 20 19 ] [L1 ]
POC  204 TId: 0 ( P-SLICE, nQP 32 QP 32 )        736 bits [Y 41.7073 dB    U 44.9659 dB    V 45.1759 dB] [ET    23 ] [L0 23 22 21 20 ] [L1 ]
POC  205 TId: 0 ( P-SLICE, nQP 32 QP 32 )        552 bits [Y 41.7161 dB    U 44.9722 dB    V 45.1812 dB] [ET    23 ] [L0 24 23 22 21 ] [L1 ]
POC  206 TId: 0 ( P-SLICE, nQP 32 QP 32 )        296 bits [Y 41.7178 dB    U 44.9722 dB    V 45.1812 dB] [ET    22 ] [L0 25 24 23 22 ] [L1 ]
POC  207 TId: 0 ( P-SLICE, nQP 32 QP 32 )        272 bits [Y 41.7178 dB    U 44.9722 dB    V 45.1812 dB] [ET    23 ] [L0 26 25 24 23 ] [L1 ]
POC  208 TId: 0 ( P-SLICE, nQP 32 QP 32 )        272 bits [Y 41.7178 dB    U 44.9722 dB    V 45.1812 dB] [ET    23 ] [L0 27 26 25 24 ] [L1 ]
POC  209 TId: 0 ( P-SLICE, nQP 32 QP 32 )        272 bits [Y 41.7178 dB    U 44.9722 dB    V 45.1812 dB] [ET    23 ] [L0 28 27 26 25 ] [L1 ]
POC  210 TId: 0 ( P-SLICE, nQP 32 QP 32 )        272 bits [Y 41.7178 dB    U 44.9722 dB    V 45.1812 dB] [ET    23 ] [L0 29 28 27 26 ] [L1 ]
POC  211 TId: 0 ( P-SLICE, nQP 32 QP 32 )        272 bits [Y 41.7178 dB    U 44.9722 dB    V 45.1812 dB] [ET    23 ] [L0 30 29 28 27 ] [L1 ]
POC  212 TId: 0 ( P-SLICE, nQP 32 QP 32 )        272 bits [Y 41.7178 dB    U 44.9722 dB    V 45.1812 dB] [ET    23 ] [L0 31 30 29 28 ] [L1 ]
POC  213 TId: 0 ( P-SLICE, nQP 32 QP 32 )        272 bits [Y 41.7178 dB    U 44.9722 dB    V 45.1812 dB] [ET    23 ] [L0 32 31 30 29 ] [L1 ]
POC  214 TId: 0 ( P-SLICE, nQP 32 QP 32 )        272 bits [Y 41.7178 dB    U 44.9722 dB    V 45.1812 dB] [ET    23 ] [L0 33 32 31 30 ] [L1 ]
POC  215 TId: 0 ( P-SLICE, nQP 32 QP 32 )        272 bits [Y 41.7178 dB    U 44.9722 dB    V 45.1812 dB] [ET    22 ] [L0 34 33 32 31 ] [L1 ]
POC  216 TId: 0 ( P-SLICE, nQP 32 QP 32 )        272 bits [Y 41.7178 dB    U 44.9722 dB    V 45.1812 dB] [ET    22 ] [L0 35 34 33 32 ] [L1 ]
POC  217 TId: 0 ( P-SLICE, nQP 32 QP 32 )        272 bits [Y 41.7178 dB    U 44.9722 dB    V 45.1812 dB] [ET    22 ] [L0 36 35 34 33 ] [L1 ]
POC  218 TId: 0 ( P-SLICE, nQP 32 QP 32 )        272 bits [Y 41.7178 dB    U 44.9722 dB    V 45.1812 dB] [ET    22 ] [L0 37 36 35 34 ] [L1 ]
POC  219 TId: 0 ( P-SLICE, nQP 32 QP 32 )        272 bits [Y 41.7178 dB    U 44.9722 dB    V 45.1812 dB] [ET    22 ] [L0 38 37 36 35 ] [L1 ]
POC  220 TId: 0 ( P-SLICE, nQP 32 QP 32 )        272 bits [Y 41.7178 dB    U 44.9722 dB    V 45.1812 dB] [ET    22 ] [L0 39 38 37 36 ] [L1 ]
POC  221 TId: 0 ( P-SLICE, nQP 32 QP 32 )        272 bits [Y 41.7178 dB    U 44.9722 dB    V 45.1812 dB] [ET    22 ] [L0 40 39 38 37 ] [L1 ]
POC  222 TId: 0 ( P-SLICE, nQP 32 QP 32 )        272 bits [Y 41.7178 dB    U 44.9722 dB    V 45.1812 dB] [ET    23 ] [L0 41 40 39 38 ] [L1 ]
POC  223 TId: 0 ( P-SLICE, nQP 32 QP 32 )        272 bits [Y 41.7178 dB    U 44.9722 dB    V 45.1812 dB] [ET    23 ] [L0 42 41 40 39 ] [L1 ]
POC  224 TId: 0 ( P-SLICE, nQP 32 QP 32 )        272 bits [Y 41.7178 dB    U 44.9722 dB    V 45.1812 dB] [ET    23 ] [L0 43 42 41 40 ] [L1 ]
POC  225 TId: 0 ( P-SLICE, nQP 32 QP 32 )        272 bits [Y 41.7178 dB    U 44.9722 dB    V 45.1812 dB] [ET    23 ] [L0 44 43 42 41 ] [L1 ]
POC  226 TId: 0 ( P-SLICE, nQP 32 QP 32 )        272 bits [Y 41.7178 dB    U 44.9722 dB    V 45.1812 dB] [ET    23 ] [L0 45 44 43 42 ] [L1 ]
POC  227 TId: 0 ( P-SLICE, nQP 32 QP 32 )        272 bits [Y 41.7178 dB    U 44.9722 dB    V 45.1812 dB] [ET    23 ] [L0 46 45 44 43 ] [L1 ]
POC  228 TId: 0 ( P-SLICE, nQP 32 QP 32 )        272 bits [Y 41.7178 dB    U 44.9722 dB    V 45.1812 dB] [ET    24 ] [L0 47 46 45 44 ] [L1 ]
POC  229 TId: 0 ( P-SLICE, nQP 32 QP 32 )        272 bits [Y 41.7178 dB    U 44.9722 dB    V 45.1812 dB] [ET    23 ] [L0 48 47 46 45 ] [L1 ]
POC  230 TId: 0 ( P-SLICE, nQP 32 QP 32 )        272 bits [Y 41.7178 dB    U 44.9722 dB    V 45.1812 dB] [ET    23 ] [L0 49 48 47 46 ] [L1 ]
POC  231 TId: 0 ( P-SLICE, nQP 32 QP 32 )        272 bits [Y 41.7178 dB    U 44.9722 dB    V 45.1812 dB] [ET    23 ] [L0 50 49 48 47 ] [L1 ]
POC  232 TId: 0 ( P-SLICE, nQP 32 QP 32 )        272 bits [Y 41.7178 dB    U 44.9722 dB    V 45.1812 dB] [ET    23 ] [L0 51 50 49 48 ] [L1 ]
POC  233 TId: 0 ( P-SLICE, nQP 32 QP 32 )        272 bits [Y 41.7178 dB    U 44.9722 dB    V 45.1812 dB] [ET    23 ] [L0 52 51 50 49 ] [L1 ]
POC  234 TId: 0 ( P-SLICE, nQP 32 QP 32 )        272 bits [Y 41.7178 dB    U 44.9722 dB    V 45.1812 dB] [ET    23 ] [L0 53 52 51 50 ] [L1 ]
POC  235 TId: 0 ( P-SLICE, nQP 32 QP 32 )        272 bits [Y 41.7178 dB    U 44.9722 dB    V 45.1812 dB] [ET    23 ] [L0 54 53 52 51 ] [L1 ]
POC  236 TId: 0 ( P-SLICE, nQP 32 QP 32 )        272 bits [Y 41.7178 dB    U 44.9722 dB    V 45.1812 dB] [ET    23 ] [L0 55 54 53 52 ] [L1 ]
POC  237 TId: 0 ( P-SLICE, nQP 32 QP 32 )        272 bits [Y 41.7178 dB    U 44.9722 dB    V 45.1812 dB] [ET    23 ] [L0 56 55 54 53 ] [L1 ]
POC  238 TId: 0 ( P-SLICE, nQP 32 QP 32 )        272 bits [Y 41.7178 dB    U 44.9722 dB    V 45.1812 dB] [ET    23 ] [L0 57 56 55 54 ] [L1 ]
POC  239 TId: 0 ( P-SLICE, nQP 32 QP 32 )        272 bits [Y 41.7178 dB    U 44.9722 dB    V 45.1812 dB] [ET    23 ] [L0 58 57 56 55 ] [L1 ]
POC  240 TId: 0 ( I-SLICE, nQP 32 QP 32 )     330768 bits [Y 41.0621 dB    U 44.8458 dB    V 44.7986 dB] [ET    13 ] [L0 ] [L1 ]
POC  241 TId: 0 ( P-SLICE, nQP 32 QP 32 )       6016 bits [Y 41.3730 dB    U 45.0006 dB    V 44.9892 dB] [ET    20 ] [L0 0 ] [L1 ]
POC  242 TId: 0 ( P-SLICE, nQP 32 QP 32 )       1704 bits [Y 41.5217 dB    U 45.0151 dB    V 44.9981 dB] [ET    20 ] [L0 1 0 ] [L1 ]
POC  243 TId: 0 ( P-SLICE, nQP 32 QP 32 )        776 bits [Y 41.6138 dB    U 45.0152 dB    V 45.0013 dB] [ET    22 ] [L0 2 1 0 ] [L1 ]
POC  244 TId: 0 ( P-SLICE, nQP 32 QP 32 )        848 bits [Y 41.6529 dB    U 45.0248 dB    V 45.0029 dB] [ET    23 ] [L0 3 2 1 0 ] [L1 ]
POC  245 TId: 0 ( P-SLICE, nQP 32 QP 32 )        640 bits [Y 41.6689 dB    U 45.0253 dB    V 45.0038 dB] [ET    23 ] [L0 4 3 2 1 ] [L1 ]
POC  246 TId: 0 ( P-SLICE, nQP 32 QP 32 )        272 bits [Y 41.6689 dB    U 45.0253 dB    V 45.0038 dB] [ET    23 ] [L0 5 4 3 2 ] [L1 ]
POC  247 TId: 0 ( P-SLICE, nQP 32 QP 32 )        272 bits [Y 41.6689 dB    U 45.0253 dB    V 45.0038 dB] [ET    23 ] [L0 6 5 4 3 ] [L1 ]
POC  248 TId: 0 ( P-SLICE, nQP 32 QP 32 )        272 bits [Y 41.6689 dB    U 45.0253 dB    V 45.0038 dB] [ET    23 ] [L0 7 6 5 4 ] [L1 ]
POC  249 TId: 0 ( P-SLICE, nQP 32 QP 32 )        272 bits [Y 41.6689 dB    U 45.0253 dB    V 45.0038 dB] [ET    23 ] [L0 8 7 6 5 ] [L1 ]
POC  250 TId: 0 ( P-SLICE, nQP 32 QP 32 )        272 bits [Y 41.6689 dB    U 45.0253 dB    V 45.0038 dB] [ET    23 ] [L0 9 8 7 6 ] [L1 ]
POC  251 TId: 0 ( P-SLICE, nQP 32 QP 32 )        272 bits [Y 41.6689 dB    U 45.0253 dB    V 45.0038 dB] [ET    23 ] [L0 10 9 8 7 ] [L1 ]
POC  252 TId: 0 ( P-SLICE, nQP 32 QP 32 )        272 bits [Y 41.6689 dB    U 45.0253 dB    V 45.0038 dB] [ET    23 ] [L0 11 10 9 8 ] [L1 ]
POC  253 TId: 0 ( P-SLICE, nQP 32 QP 32 )        272 bits [Y 41.6689 dB    U 45.0253 dB    V 45.0038 dB] [ET    23 ] [L0 12 11 10 9 ] [L1 ]
POC  254 TId: 0 ( P-SLICE, nQP 32 QP 32 )        272 bits [Y 41.6689 dB    U 45.0253 dB    V 45.0038 dB] [ET    23 ] [L0 13 12 11 10 ] [L1 ]
POC  255 TId: 0 ( P-SLICE, nQP 32 QP 32 )        272 bits [Y 41.6689 dB    U 45.0253 dB    V 45.0038 dB] [ET    23 ] [L0 14 13 12 11 ] [L1 ]
POC  256 TId: 0 ( P-SLICE, nQP 32 QP 32 )        272 bits [Y 41.6689 dB    U 45.0253 dB    V 45.0038 dB] [ET    24 ] [L0 15 14 13 12 ] [L1 ]
POC  257 TId: 0 ( P-SLICE, nQP 32 QP 32 )        272 bits [Y 41.6689 dB    U 45.0253 dB    V 45.0038 dB] [ET    23 ] [L0 16 15 14 13 ] [L1 ]
POC  258 TId: 0 ( P-SLICE, nQP 32 QP 32 )        272 bits [Y 41.6689 dB    U 45.0253 dB    V 45.0038 dB] [ET    23 ] [L0 17 16 15 14 ] [L1 ]
POC  259 TId: 0 ( P-SLICE, nQP 32 QP 32 )        272 bits [Y 41.6689 dB    U 45.0253 dB    V 45.0038 dB] [ET    23 ] [L0 18 17 16 15 ] [L1 ]
POC  260 TId: 0 ( P-SLICE, nQP 32 QP 32 )        272 bits [Y 41.6689 dB    U 45.0253 dB    V 45.0038 dB] [ET    23 ] [L0 19 18 17 16 ] [L1 ]
POC  261 TId: 0 ( P-SLICE, nQP 32 QP 32 )        272 bits [Y 41.6689 dB    U 45.0253 dB    V 45.0038 dB] [ET    23 ] [L0 20 19 18 17 ] [L1 ]
POC  262 TId: 0 ( P-SLICE, nQP 32 QP 32 )        272 bits [Y 41.6689 dB    U 45.0253 dB    V 45.0038 dB] [ET    23 ] [L0 21 20 19 18 ] [L1 ]
POC  263 TId: 0 ( P-SLICE, nQP 32 QP 32 )        272 bits [Y 41.6689 dB    U 45.0253 dB    V 45.0038 dB] [ET    23 ] [L0 22 21 20 19 ] [L1 ]
POC  264 TId: 0 ( P-SLICE, nQP 32 QP 32 )        272 bits [Y 41.6689 dB    U 45.0253 dB    V 45.0038 dB] [ET    23 ] [L0 23 22 21 20 ] [L1 ]
POC  265 TId: 0 ( P-SLICE, nQP 32 QP 32 )        272 bits [Y 41.6689 dB    U 45.0253 dB    V 45.0038 dB] [ET    23 ] [L0 24 23 22 21 ] [L1 ]
POC  266 TId: 0 ( P-SLICE, nQP 32 QP 32 )        272 bits [Y 41.6689 dB    U 45.0253 dB    V 45.0038 dB] [ET    23 ] [L0 25 24 23 22 ] [L1 ]
POC  267 TId: 0 ( P-SLICE, nQP 32 QP 32 )        272 bits [Y 41.6689 dB    U 45.0253 dB    V 45.0038 dB] [ET    23 ] [L0 26 25 24 23 ] [L1 ]
POC  268 TId: 0 ( P-SLICE, nQP 32 QP 32 )        272 bits [Y 41.6689 dB    U 45.0253 dB    V 45.0038 dB] [ET    23 ] [L0 27 26 25 24 ] [L1 ]
POC  269 TId: 0 ( P-SLICE, nQP 32 QP 32 )        272 bits [Y 41.6689 dB    U 45.0253 dB    V 45.0038 dB] [ET    23 ] [L0 28 27 26 25 ] [L1 ]
POC  270 TId: 0 ( P-SLICE, nQP 32 QP 32 )        272 bits [Y 41.6689 dB    U 45.0253 dB    V 45.0038 dB] [ET    23 ] [L0 29 28 27 26 ] [L1 ]
POC  271 TId: 0 ( P-SLICE, nQP 32 QP 32 )        272 bits [Y 41.6689 dB    U 45.0253 dB    V 45.0038 dB] [ET    23 ] [L0 30 29 28 27 ] [L1 ]
POC  272 TId: 0 ( P-SLICE, nQP 32 QP 32 )        272 bits [Y 41.6689 dB    U 45.0253 dB    V 45.0038 dB] [ET    23 ] [L0 31 30 29 28 ] [L1 ]
POC  273 TId: 0 ( P-SLICE, nQP 32 QP 32 )        272 bits [Y 41.6689 dB    U 45.0253 dB    V 45.0038 dB] [ET    23 ] [L0 32 31 30 29 ] [L1 ]
POC  274 TId: 0 ( P-SLICE, nQP 32 QP 32 )        272 bits [Y 41.6689 dB    U 45.0253 dB    V 45.0038 dB] [ET    23 ] [L0 33 32 31 30 ] [L1 ]
POC  275 TId: 0 ( P-SLICE, nQP 32 QP 32 )        272 bits [Y 41.6689 dB    U 45.0253 dB    V 45.0038 dB] [ET    23 ] [L0 34 33 32 31 ] [L1 ]
POC  276 TId: 0 ( P-SLICE, nQP 32 QP 32 )        272 bits [Y 41.6689 dB    U 45.0253 dB    V 45.0038 dB] [ET    23 ] [L0 35 34 33 32 ] [L1 ]
POC  277 TId: 0 ( P-SLICE, nQP 32 QP 32 )        272 bits [Y 41.6689 dB    U 45.0253 dB    V 45.0038 dB] [ET    23 ] [L0 36 35 34 33 ] [L1 ]
POC  278 TId: 0 ( P-SLICE, nQP 32 QP 32 )        272 bits [Y 41.6689 dB    U 45.0253 dB    V 45.0038 dB] [ET    23 ] [L0 37 36 35 34 ] [L1 ]
POC  279 TId: 0 ( P-SLICE, nQP 32 QP 32 )        272 bits [Y 41.6689 dB    U 45.0253 dB    V 45.0038 dB] [ET    23 ] [L0 38 37 36 35 ] [L1 ]
POC  280 TId: 0 ( P-SLICE, nQP 32 QP 32 )        272 bits [Y 41.6689 dB    U 45.0253 dB    V 45.0038 dB] [ET    23 ] [L0 39 38 37 36 ] [L1 ]
POC  281 TId: 0 ( P-SLICE, nQP 32 QP 32 )        272 bits [Y 41.6689 dB    U 45.0253 dB    V 45.0038 dB] [ET    23 ] [L0 40 39 38 37 ] [L1 ]
POC  282 TId: 0 ( P-SLICE, nQP 32 QP 32 )        272 bits [Y 41.6689 dB    U 45.0253 dB    V 45.0038 dB] [ET    23 ] [L0 41 40 39 38 ] [L1 ]
POC  283 TId: 0 ( P-SLICE, nQP 32 QP 32 )        272 bits [Y 41.6689 dB    U 45.0253 dB    V 45.0038 dB] [ET    23 ] [L0 42 41 40 39 ] [L1 ]
POC  284 TId: 0 ( P-SLICE, nQP 32 QP 32 )        272 bits [Y 41.6689 dB    U 45.0253 dB    V 45.0038 dB] [ET    23 ] [L0 43 42 41 40 ] [L1 ]
POC  285 TId: 0 ( P-SLICE, nQP 32 QP 32 )        272 bits [Y 41.6689 dB    U 45.0253 dB    V 45.0038 dB] [ET    23 ] [L0 44 43 42 41 ] [L1 ]
POC  286 TId: 0 ( P-SLICE, nQP 32 QP 32 )        272 bits [Y 41.6689 dB    U 45.0253 dB    V 45.0038 dB] [ET    23 ] [L0 45 44 43 42 ] [L1 ]
POC  287 TId: 0 ( P-SLICE, nQP 32 QP 32 )        272 bits [Y 41.6689 dB    U 45.0253 dB    V 45.0038 dB] [ET    23 ] [L0 46 45 44 43 ] [L1 ]
POC  288 TId: 0 ( P-SLICE, nQP 32 QP 32 )        272 bits [Y 41.6689 dB    U 45.0253 dB    V 45.0038 dB] [ET    23 ] [L0 47 46 45 44 ] [L1 ]
POC  289 TId: 0 ( P-SLICE, nQP 32 QP 32 )        272 bits [Y 41.6689 dB    U 45.0253 dB    V 45.0038 dB] [ET    23 ] [L0 48 47 46 45 ] [L1 ]
POC  290 TId: 0 ( P-SLICE, nQP 32 QP 32 )        272 bits [Y 41.6689 dB    U 45.0253 dB    V 45.0038 dB] [ET    23 ] [L0 49 48 47 46 ] [L1 ]
POC  291 TId: 0 ( P-SLICE, nQP 32 QP 32 )        272 bits [Y 41.6689 dB    U 45.0253 dB    V 45.0038 dB] [ET    23 ] [L0 50 49 48 47 ] [L1 ]
POC  292 TId: 0 ( P-SLICE, nQP 32 QP 32 )        272 bits [Y 41.6689 dB    U 45.0253 dB    V 45.0038 dB] [ET    23 ] [L0 51 50 49 48 ] [L1 ]
POC  293 TId: 0 ( P-SLICE, nQP 32 QP 32 )        272 bits [Y 41.6689 dB    U 45.0253 dB    V 45.0038 dB] [ET    23 ] [L0 52 51 50 49 ] [L1 ]
POC  294 TId: 0 ( P-SLICE, nQP 32 QP 32 )        272 bits [Y 41.6689 dB    U 45.0253 dB    V 45.0038 dB] [ET    23 ] [L0 53 52 51 50 ] [L1 ]
POC  295 TId: 0 ( P-SLICE, nQP 32 QP 32 )        272 bits [Y 41.6689 dB    U 45.0253 dB    V 45.0038 dB] [ET    23 ] [L0 54 53 52 51 ] [L1 ]
POC  296 TId: 0 ( P-SLICE, nQP 32 QP 32 )        272 bits [Y 41.6689 dB    U 45.0253 dB    V 45.0038 dB] [ET    23 ] [L0 55 54 53 52 ] [L1 ]
POC  297 TId: 0 ( P-SLICE, nQP 32 QP 32 )        272 bits [Y 41.6689 dB    U 45.0253 dB    V 45.0038 dB] [ET    23 ] [L0 56 55 54 53 ] [L1 ]
POC  298 TId: 0 ( P-SLICE, nQP 32 QP 32 )        272 bits [Y 41.6689 dB    U 45.0253 dB    V 45.0038 dB] [ET    23 ] [L0 57 56 55 54 ] [L1 ]
POC  299 TId: 0 ( P-SLICE, nQP 32 QP 32 )        272 bits [Y 41.6689 dB    U 45.0253 dB    V 45.0038 dB] [ET    23 ] [L0 58 57 56 55 ] [L1 ]
POC  300 TId: 0 ( I-SLICE, nQP 32 QP 32 )     330768 bits [Y 41.0621 dB    U 44.8458 dB    V 44.7986 dB] [ET    13 ] [L0 ] [L1 ]
POC  301 TId: 0 ( P-SLICE, nQP 32 QP 32 )       6016 bits [Y 41.3730 dB    U 45.0006 dB    V 44.9892 dB] [ET    20 ] [L0 0 ] [L1 ]
POC  302 TId: 0 ( P-SLICE, nQP 32 QP 32 )       1704 bits [Y 41.5217 dB    U 45.0151 dB    V 44.9981 dB] [ET    20 ] [L0 1 0 ] [L1 ]
POC  303 TId: 0 ( P-SLICE, nQP 32 QP 32 )        776 bits [Y 41.6138 dB    U 45.0152 dB    V 45.0013 dB] [ET    22 ] [L0 2 1 0 ] [L1 ]
POC  304 TId: 0 ( P-SLICE, nQP 32 QP 32 )        848 bits [Y 41.6529 dB    U 45.0248 dB    V 45.0029 dB] [ET    23 ] [L0 3 2 1 0 ] [L1 ]
POC  305 TId: 0 ( P-SLICE, nQP 32 QP 32 )        640 bits [Y 41.6689 dB    U 45.0253 dB    V 45.0038 dB] [ET    23 ] [L0 4 3 2 1 ] [L1 ]
POC  306 TId: 0 ( P-SLICE, nQP 32 QP 32 )        272 bits [Y 41.6689 dB    U 45.0253 dB    V 45.0038 dB] [ET    23 ] [L0 5 4 3 2 ] [L1 ]
POC  307 TId: 0 ( P-SLICE, nQP 32 QP 32 )        272 bits [Y 41.6689 dB    U 45.0253 dB    V 45.0038 dB] [ET    23 ] [L0 6 5 4 3 ] [L1 ]
POC  308 TId: 0 ( P-SLICE, nQP 32 QP 32 )        272 bits [Y 41.6689 dB    U 45.0253 dB    V 45.0038 dB] [ET    23 ] [L0 7 6 5 4 ] [L1 ]
POC  309 TId: 0 ( P-SLICE, nQP 32 QP 32 )        272 bits [Y 41.6689 dB    U 45.0253 dB    V 45.0038 dB] [ET    23 ] [L0 8 7 6 5 ] [L1 ]
POC  310 TId: 0 ( P-SLICE, nQP 32 QP 32 )        272 bits [Y 41.6689 dB    U 45.0253 dB    V 45.0038 dB] [ET    23 ] [L0 9 8 7 6 ] [L1 ]
POC  311 TId: 0 ( P-SLICE, nQP 32 QP 32 )        272 bits [Y 41.6689 dB    U 45.0253 dB    V 45.0038 dB] [ET    23 ] [L0 10 9 8 7 ] [L1 ]
POC  312 TId: 0 ( P-SLICE, nQP 32 QP 32 )        272 bits [Y 41.6689 dB    U 45.0253 dB    V 45.0038 dB] [ET    23 ] [L0 11 10 9 8 ] [L1 ]
POC  313 TId: 0 ( P-SLICE, nQP 32 QP 32 )        272 bits [Y 41.6689 dB    U 45.0253 dB    V 45.0038 dB] [ET    23 ] [L0 12 11 10 9 ] [L1 ]
POC  314 TId: 0 ( P-SLICE, nQP 32 QP 32 )        272 bits [Y 41.6689 dB    U 45.0253 dB    V 45.0038 dB] [ET    23 ] [L0 13 12 11 10 ] [L1 ]
POC  315 TId: 0 ( P-SLICE, nQP 32 QP 32 )        272 bits [Y 41.6689 dB    U 45.0253 dB    V 45.0038 dB] [ET    23 ] [L0 14 13 12 11 ] [L1 ]
POC  316 TId: 0 ( P-SLICE, nQP 32 QP 32 )        272 bits [Y 41.6689 dB    U 45.0253 dB    V 45.0038 dB] [ET    23 ] [L0 15 14 13 12 ] [L1 ]
POC  317 TId: 0 ( P-SLICE, nQP 32 QP 32 )        272 bits [Y 41.6689 dB    U 45.0253 dB    V 45.0038 dB] [ET    23 ] [L0 16 15 14 13 ] [L1 ]
POC  318 TId: 0 ( P-SLICE, nQP 32 QP 32 )        272 bits [Y 41.6689 dB    U 45.0253 dB    V 45.0038 dB] [ET    23 ] [L0 17 16 15 14 ] [L1 ]
POC  319 TId: 0 ( P-SLICE, nQP 32 QP 32 )        272 bits [Y 41.6689 dB    U 45.0253 dB    V 45.0038 dB] [ET    23 ] [L0 18 17 16 15 ] [L1 ]
POC  320 TId: 0 ( P-SLICE, nQP 32 QP 32 )        272 bits [Y 41.6689 dB    U 45.0253 dB    V 45.0038 dB] [ET    23 ] [L0 19 18 17 16 ] [L1 ]
POC  321 TId: 0 ( P-SLICE, nQP 32 QP 32 )        272 bits [Y 41.6689 dB    U 45.0253 dB    V 45.0038 dB] [ET    23 ] [L0 20 19 18 17 ] [L1 ]
POC  322 TId: 0 ( P-SLICE, nQP 32 QP 32 )        272 bits [Y 41.6689 dB    U 45.0253 dB    V 45.0038 dB] [ET    23 ] [L0 21 20 19 18 ] [L1 ]
POC  323 TId: 0 ( P-SLICE, nQP 32 QP 32 )        272 bits [Y 41.6689 dB    U 45.0253 dB    V 45.0038 dB] [ET    23 ] [L0 22 21 20 19 ] [L1 ]
POC  324 TId: 0 ( P-SLICE, nQP 32 QP 32 )        272 bits [Y 41.6689 dB    U 45.0253 dB    V 45.0038 dB] [ET    23 ] [L0 23 22 21 20 ] [L1 ]
POC  325 TId: 0 ( P-SLICE, nQP 32 QP 32 )        272 bits [Y 41.6689 dB    U 45.0253 dB    V 45.0038 dB] [ET    23 ] [L0 24 23 22 21 ] [L1 ]
POC  326 TId: 0 ( P-SLICE, nQP 32 QP 32 )        272 bits [Y 41.6689 dB    U 45.0253 dB    V 45.0038 dB] [ET    23 ] [L0 25 24 23 22 ] [L1 ]
POC  327 TId: 0 ( P-SLICE, nQP 32 QP 32 )        272 bits [Y 41.6689 dB    U 45.0253 dB    V 45.0038 dB] [ET    23 ] [L0 26 25 24 23 ] [L1 ]
POC  328 TId: 0 ( P-SLICE, nQP 32 QP 32 )        272 bits [Y 41.6689 dB    U 45.0253 dB    V 45.0038 dB] [ET    23 ] [L0 27 26 25 24 ] [L1 ]
POC  329 TId: 0 ( P-SLICE, nQP 32 QP 32 )        272 bits [Y 41.6689 dB    U 45.0253 dB    V 45.0038 dB] [ET    23 ] [L0 28 27 26 25 ] [L1 ]
POC  330 TId: 0 ( P-SLICE, nQP 32 QP 32 )        272 bits [Y 41.6689 dB    U 45.0253 dB    V 45.0038 dB] [ET    23 ] [L0 29 28 27 26 ] [L1 ]
POC  331 TId: 0 ( P-SLICE, nQP 32 QP 32 )        272 bits [Y 41.6689 dB    U 45.0253 dB    V 45.0038 dB] [ET    23 ] [L0 30 29 28 27 ] [L1 ]
POC  332 TId: 0 ( P-SLICE, nQP 32 QP 32 )        272 bits [Y 41.6689 dB    U 45.0253 dB    V 45.0038 dB] [ET    23 ] [L0 31 30 29 28 ] [L1 ]
POC  333 TId: 0 ( P-SLICE, nQP 32 QP 32 )        272 bits [Y 41.6689 dB    U 45.0253 dB    V 45.0038 dB] [ET    23 ] [L0 32 31 30 29 ] [L1 ]
POC  334 TId: 0 ( P-SLICE, nQP 32 QP 32 )        272 bits [Y 41.6689 dB    U 45.0253 dB    V 45.0038 dB] [ET    23 ] [L0 33 32 31 30 ] [L1 ]
POC  335 TId: 0 ( P-SLICE, nQP 32 QP 32 )        272 bits [Y 41.6689 dB    U 45.0253 dB    V 45.0038 dB] [ET    23 ] [L0 34 33 32 31 ] [L1 ]
POC  336 TId: 0 ( P-SLICE, nQP 32 QP 32 )        272 bits [Y 41.6689 dB    U 45.0253 dB    V 45.0038 dB] [ET    23 ] [L0 35 34 33 32 ] [L1 ]
POC  337 TId: 0 ( P-SLICE, nQP 32 QP 32 )        272 bits [Y 41.6689 dB    U 45.0253 dB    V 45.0038 dB] [ET    23 ] [L0 36 35 34 33 ] [L1 ]
POC  338 TId: 0 ( P-SLICE, nQP 32 QP 32 )        272 bits [Y 41.6689 dB    U 45.0253 dB    V 45.0038 dB] [ET    23 ] [L0 37 36 35 34 ] [L1 ]
POC  339 TId: 0 ( P-SLICE, nQP 32 QP 32 )        272 bits [Y 41.6689 dB    U 45.0253 dB    V 45.0038 dB] [ET    23 ] [L0 38 37 36 35 ] [L1 ]
POC  340 TId: 0 ( P-SLICE, nQP 32 QP 32 )        272 bits [Y 41.6689 dB    U 45.0253 dB    V 45.0038 dB] [ET    23 ] [L0 39 38 37 36 ] [L1 ]
POC  341 TId: 0 ( P-SLICE, nQP 32 QP 32 )        272 bits [Y 41.6689 dB    U 45.0253 dB    V 45.0038 dB] [ET    23 ] [L0 40 39 38 37 ] [L1 ]
POC  342 TId: 0 ( P-SLICE, nQP 32 QP 32 )        272 bits [Y 41.6689 dB    U 45.0253 dB    V 45.0038 dB] [ET    23 ] [L0 41 40 39 38 ] [L1 ]
POC  343 TId: 0 ( P-SLICE, nQP 32 QP 32 )        272 bits [Y 41.6689 dB    U 45.0253 dB    V 45.0038 dB] [ET    23 ] [L0 42 41 40 39 ] [L1 ]
POC  344 TId: 0 ( P-SLICE, nQP 32 QP 32 )        272 bits [Y 41.6689 dB    U 45.0253 dB    V 45.0038 dB] [ET    23 ] [L0 43 42 41 40 ] [L1 ]
POC  345 TId: 0 ( P-SLICE, nQP 32 QP 32 )        272 bits [Y 41.6689 dB    U 45.0253 dB    V 45.0038 dB] [ET    23 ] [L0 44 43 42 41 ] [L1 ]
POC  346 TId: 0 ( P-SLICE, nQP 32 QP 32 )        272 bits [Y 41.6689 dB    U 45.0253 dB    V 45.0038 dB] [ET    23 ] [L0 45 44 43 42 ] [L1 ]
POC  347 TId: 0 ( P-SLICE, nQP 32 QP 32 )        272 bits [Y 41.6689 dB    U 45.0253 dB    V 45.0038 dB] [ET    23 ] [L0 46 45 44 43 ] [L1 ]
POC  348 TId: 0 ( P-SLICE, nQP 32 QP 32 )        272 bits [Y 41.6689 dB    U 45.0253 dB    V 45.0038 dB] [ET    23 ] [L0 47 46 45 44 ] [L1 ]
POC  349 TId: 0 ( P-SLICE, nQP 32 QP 32 )        272 bits [Y 41.6689 dB    U 45.0253 dB    V 45.0038 dB] [ET    23 ] [L0 48 47 46 45 ] [L1 ]
POC  350 TId: 0 ( P-SLICE, nQP 32 QP 32 )        272 bits [Y 41.6689 dB    U 45.0253 dB    V 45.0038 dB] [ET    23 ] [L0 49 48 47 46 ] [L1 ]
POC  351 TId: 0 ( P-SLICE, nQP 32 QP 32 )        272 bits [Y 41.6689 dB    U 45.0253 dB    V 45.0038 dB] [ET    23 ] [L0 50 49 48 47 ] [L1 ]
POC  352 TId: 0 ( P-SLICE, nQP 32 QP 32 )        272 bits [Y 41.6689 dB    U 45.0253 dB    V 45.0038 dB] [ET    23 ] [L0 51 50 49 48 ] [L1 ]
POC  353 TId: 0 ( P-SLICE, nQP 32 QP 32 )        272 bits [Y 41.6689 dB    U 45.0253 dB    V 45.0038 dB] [ET    23 ] [L0 52 51 50 49 ] [L1 ]
POC  354 TId: 0 ( P-SLICE, nQP 32 QP 32 )        272 bits [Y 41.6689 dB    U 45.0253 dB    V 45.0038 dB] [ET    23 ] [L0 53 52 51 50 ] [L1 ]
POC  355 TId: 0 ( P-SLICE, nQP 32 QP 32 )        272 bits [Y 41.6689 dB    U 45.0253 dB    V 45.0038 dB] [ET    23 ] [L0 54 53 52 51 ] [L1 ]
POC  356 TId: 0 ( P-SLICE, nQP 32 QP 32 )        272 bits [Y 41.6689 dB    U 45.0253 dB    V 45.0038 dB] [ET    23 ] [L0 55 54 53 52 ] [L1 ]
POC  357 TId: 0 ( P-SLICE, nQP 32 QP 32 )        272 bits [Y 41.6689 dB    U 45.0253 dB    V 45.0038 dB] [ET    23 ] [L0 56 55 54 53 ] [L1 ]
POC  358 TId: 0 ( P-SLICE, nQP 32 QP 32 )        272 bits [Y 41.6689 dB    U 45.0253 dB    V 45.0038 dB] [ET    23 ] [L0 57 56 55 54 ] [L1 ]
POC  359 TId: 0 ( P-SLICE, nQP 32 QP 32 )        272 bits [Y 41.6689 dB    U 45.0253 dB    V 45.0038 dB] [ET    23 ] [L0 58 57 56 55 ] [L1 ]
POC  360 TId: 0 ( I-SLICE, nQP 32 QP 32 )     330768 bits [Y 41.0621 dB    U 44.8458 dB    V 44.7986 dB] [ET    13 ] [L0 ] [L1 ]
POC  361 TId: 0 ( P-SLICE, nQP 32 QP 32 )       6016 bits [Y 41.3730 dB    U 45.0006 dB    V 44.9892 dB] [ET    20 ] [L0 0 ] [L1 ]
POC  362 TId: 0 ( P-SLICE, nQP 32 QP 32 )       1704 bits [Y 41.5217 dB    U 45.0151 dB    V 44.9981 dB] [ET    20 ] [L0 1 0 ] [L1 ]
POC  363 TId: 0 ( P-SLICE, nQP 32 QP 32 )        776 bits [Y 41.6138 dB    U 45.0152 dB    V 45.0013 dB] [ET    22 ] [L0 2 1 0 ] [L1 ]
POC  364 TId: 0 ( P-SLICE, nQP 32 QP 32 )        848 bits [Y 41.6529 dB    U 45.0248 dB    V 45.0029 dB] [ET    23 ] [L0 3 2 1 0 ] [L1 ]
POC  365 TId: 0 ( P-SLICE, nQP 32 QP 32 )        640 bits [Y 41.6689 dB    U 45.0253 dB    V 45.0038 dB] [ET    23 ] [L0 4 3 2 1 ] [L1 ]
POC  366 TId: 0 ( P-SLICE, nQP 32 QP 32 )        272 bits [Y 41.6689 dB    U 45.0253 dB    V 45.0038 dB] [ET    23 ] [L0 5 4 3 2 ] [L1 ]
POC  367 TId: 0 ( P-SLICE, nQP 32 QP 32 )        272 bits [Y 41.6689 dB    U 45.0253 dB    V 45.0038 dB] [ET    23 ] [L0 6 5 4 3 ] [L1 ]
POC  368 TId: 0 ( P-SLICE, nQP 32 QP 32 )        272 bits [Y 41.6689 dB    U 45.0253 dB    V 45.0038 dB] [ET    23 ] [L0 7 6 5 4 ] [L1 ]
POC  369 TId: 0 ( P-SLICE, nQP 32 QP 32 )        272 bits [Y 41.6689 dB    U 45.0253 dB    V 45.0038 dB] [ET    23 ] [L0 8 7 6 5 ] [L1 ]
POC  370 TId: 0 ( P-SLICE, nQP 32 QP 32 )        272 bits [Y 41.6689 dB    U 45.0253 dB    V 45.0038 dB] [ET    23 ] [L0 9 8 7 6 ] [L1 ]
POC  371 TId: 0 ( P-SLICE, nQP 32 QP 32 )        272 bits [Y 41.6689 dB    U 45.0253 dB    V 45.0038 dB] [ET    23 ] [L0 10 9 8 7 ] [L1 ]
POC  372 TId: 0 ( P-SLICE, nQP 32 QP 32 )        272 bits [Y 41.6689 dB    U 45.0253 dB    V 45.0038 dB] [ET    23 ] [L0 11 10 9 8 ] [L1 ]
POC  373 TId: 0 ( P-SLICE, nQP 32 QP 32 )        272 bits [Y 41.6689 dB    U 45.0253 dB    V 45.0038 dB] [ET    23 ] [L0 12 11 10 9 ] [L1 ]
POC  374 TId: 0 ( P-SLICE, nQP 32 QP 32 )        272 bits [Y 41.6689 dB    U 45.0253 dB    V 45.0038 dB] [ET    23 ] [L0 13 12 11 10 ] [L1 ]
POC  375 TId: 0 ( P-SLICE, nQP 32 QP 32 )        272 bits [Y 41.6689 dB    U 45.0253 dB    V 45.0038 dB] [ET    23 ] [L0 14 13 12 11 ] [L1 ]
POC  376 TId: 0 ( P-SLICE, nQP 32 QP 32 )        272 bits [Y 41.6689 dB    U 45.0253 dB    V 45.0038 dB] [ET    23 ] [L0 15 14 13 12 ] [L1 ]
POC  377 TId: 0 ( P-SLICE, nQP 32 QP 32 )        272 bits [Y 41.6689 dB    U 45.0253 dB    V 45.0038 dB] [ET    23 ] [L0 16 15 14 13 ] [L1 ]
POC  378 TId: 0 ( P-SLICE, nQP 32 QP 32 )        272 bits [Y 41.6689 dB    U 45.0253 dB    V 45.0038 dB] [ET    23 ] [L0 17 16 15 14 ] [L1 ]
POC  379 TId: 0 ( P-SLICE, nQP 32 QP 32 )        272 bits [Y 41.6689 dB    U 45.0253 dB    V 45.0038 dB] [ET    23 ] [L0 18 17 16 15 ] [L1 ]
POC  380 TId: 0 ( P-SLICE, nQP 32 QP 32 )        272 bits [Y 41.6689 dB    U 45.0253 dB    V 45.0038 dB] [ET    23 ] [L0 19 18 17 16 ] [L1 ]
POC  381 TId: 0 ( P-SLICE, nQP 32 QP 32 )        272 bits [Y 41.6689 dB    U 45.0253 dB    V 45.0038 dB] [ET    23 ] [L0 20 19 18 17 ] [L1 ]
POC  382 TId: 0 ( P-SLICE, nQP 32 QP 32 )        272 bits [Y 41.6689 dB    U 45.0253 dB    V 45.0038 dB] [ET    23 ] [L0 21 20 19 18 ] [L1 ]
POC  383 TId: 0 ( P-SLICE, nQP 32 QP 32 )        272 bits [Y 41.6689 dB    U 45.0253 dB    V 45.0038 dB] [ET    23 ] [L0 22 21 20 19 ] [L1 ]
POC  384 TId: 0 ( P-SLICE, nQP 32 QP 32 )        272 bits [Y 41.6689 dB    U 45.0253 dB    V 45.0038 dB] [ET    23 ] [L0 23 22 21 20 ] [L1 ]
POC  385 TId: 0 ( P-SLICE, nQP 32 QP 32 )        272 bits [Y 41.6689 dB    U 45.0253 dB    V 45.0038 dB] [ET    23 ] [L0 24 23 22 21 ] [L1 ]
POC  386 TId: 0 ( P-SLICE, nQP 32 QP 32 )        272 bits [Y 41.6689 dB    U 45.0253 dB    V 45.0038 dB] [ET    23 ] [L0 25 24 23 22 ] [L1 ]
POC  387 TId: 0 ( P-SLICE, nQP 32 QP 32 )        272 bits [Y 41.6689 dB    U 45.0253 dB    V 45.0038 dB] [ET    23 ] [L0 26 25 24 23 ] [L1 ]
POC  388 TId: 0 ( P-SLICE, nQP 32 QP 32 )        272 bits [Y 41.6689 dB    U 45.0253 dB    V 45.0038 dB] [ET    23 ] [L0 27 26 25 24 ] [L1 ]
POC  389 TId: 0 ( P-SLICE, nQP 32 QP 32 )        272 bits [Y 41.6689 dB    U 45.0253 dB    V 45.0038 dB] [ET    23 ] [L0 28 27 26 25 ] [L1 ]
POC  390 TId: 0 ( P-SLICE, nQP 32 QP 32 )        272 bits [Y 41.6689 dB    U 45.0253 dB    V 45.0038 dB] [ET    23 ] [L0 29 28 27 26 ] [L1 ]
POC  391 TId: 0 ( P-SLICE, nQP 32 QP 32 )        272 bits [Y 41.6689 dB    U 45.0253 dB    V 45.0038 dB] [ET    23 ] [L0 30 29 28 27 ] [L1 ]
POC  392 TId: 0 ( P-SLICE, nQP 32 QP 32 )        272 bits [Y 41.6689 dB    U 45.0253 dB    V 45.0038 dB] [ET    23 ] [L0 31 30 29 28 ] [L1 ]
POC  393 TId: 0 ( P-SLICE, nQP 32 QP 32 )        272 bits [Y 41.6689 dB    U 45.0253 dB    V 45.0038 dB] [ET    23 ] [L0 32 31 30 29 ] [L1 ]
POC  394 TId: 0 ( P-SLICE, nQP 32 QP 32 )        272 bits [Y 41.6689 dB    U 45.0253 dB    V 45.0038 dB] [ET    23 ] [L0 33 32 31 30 ] [L1 ]
POC  395 TId: 0 ( P-SLICE, nQP 32 QP 32 )        272 bits [Y 41.6689 dB    U 45.0253 dB    V 45.0038 dB] [ET    23 ] [L0 34 33 32 31 ] [L1 ]
POC  396 TId: 0 ( P-SLICE, nQP 32 QP 32 )        272 bits [Y 41.6689 dB    U 45.0253 dB    V 45.0038 dB] [ET    22 ] [L0 35 34 33 32 ] [L1 ]
POC  397 TId: 0 ( P-SLICE, nQP 32 QP 32 )        272 bits [Y 41.6689 dB    U 45.0253 dB    V 45.0038 dB] [ET    23 ] [L0 36 35 34 33 ] [L1 ]
POC  398 TId: 0 ( P-SLICE, nQP 32 QP 32 )        272 bits [Y 41.6689 dB    U 45.0253 dB    V 45.0038 dB] [ET    23 ] [L0 37 36 35 34 ] [L1 ]
POC  399 TId: 0 ( P-SLICE, nQP 32 QP 32 )        272 bits [Y 41.6689 dB    U 45.0253 dB    V 45.0038 dB] [ET    23 ] [L0 38 37 36 35 ] [L1 ]
POC  400 TId: 0 ( P-SLICE, nQP 32 QP 32 )     210520 bits [Y 41.5706 dB    U 43.0447 dB    V 43.1095 dB] [ET    54 ] [L0 39 38 37 36 ] [L1 ]
POC  401 TId: 0 ( P-SLICE, nQP 32 QP 32 )       7632 bits [Y 41.8887 dB    U 43.2971 dB    V 43.3463 dB] [ET    27 ] [L0 40 39 38 37 ] [L1 ]
POC  402 TId: 0 ( P-SLICE, nQP 32 QP 32 )       1936 bits [Y 42.0308 dB    U 43.3117 dB    V 43.3568 dB] [ET    25 ] [L0 41 40 39 38 ] [L1 ]
POC  403 TId: 0 ( P-SLICE, nQP 32 QP 32 )       1280 bits [Y 42.1063 dB    U 43.3190 dB    V 43.3658 dB] [ET    24 ] [L0 42 41 40 39 ] [L1 ]
POC  404 TId: 0 ( P-SLICE, nQP 32 QP 32 )        776 bits [Y 42.1437 dB    U 43.3240 dB    V 43.3684 dB] [ET    23 ] [L0 43 42 41 40 ] [L1 ]
POC  405 TId: 0 ( P-SLICE, nQP 32 QP 32 )        696 bits [Y 42.1638 dB    U 43.3265 dB    V 43.3708 dB] [ET    23 ] [L0 44 43 42 41 ] [L1 ]
POC  406 TId: 0 ( P-SLICE, nQP 32 QP 32 )        272 bits [Y 42.1638 dB    U 43.3265 dB    V 43.3708 dB] [ET    23 ] [L0 45 44 43 42 ] [L1 ]
POC  407 TId: 0 ( P-SLICE, nQP 32 QP 32 )        272 bits [Y 42.1638 dB    U 43.3265 dB    V 43.3708 dB] [ET    23 ] [L0 46 45 44 43 ] [L1 ]
POC  408 TId: 0 ( P-SLICE, nQP 32 QP 32 )        272 bits [Y 42.1638 dB    U 43.3265 dB    V 43.3708 dB] [ET    23 ] [L0 47 46 45 44 ] [L1 ]
POC  409 TId: 0 ( P-SLICE, nQP 32 QP 32 )        272 bits [Y 42.1638 dB    U 43.3265 dB    V 43.3708 dB] [ET    23 ] [L0 48 47 46 45 ] [L1 ]
POC  410 TId: 0 ( P-SLICE, nQP 32 QP 32 )        272 bits [Y 42.1638 dB    U 43.3265 dB    V 43.3708 dB] [ET    23 ] [L0 49 48 47 46 ] [L1 ]
POC  411 TId: 0 ( P-SLICE, nQP 32 QP 32 )        272 bits [Y 42.1638 dB    U 43.3265 dB    V 43.3708 dB] [ET    23 ] [L0 50 49 48 47 ] [L1 ]
POC  412 TId: 0 ( P-SLICE, nQP 32 QP 32 )        272 bits [Y 42.1638 dB    U 43.3265 dB    V 43.3708 dB] [ET    23 ] [L0 51 50 49 48 ] [L1 ]
POC  413 TId: 0 ( P-SLICE, nQP 32 QP 32 )        272 bits [Y 42.1638 dB    U 43.3265 dB    V 43.3708 dB] [ET    23 ] [L0 52 51 50 49 ] [L1 ]
POC  414 TId: 0 ( P-SLICE, nQP 32 QP 32 )        272 bits [Y 42.1638 dB    U 43.3265 dB    V 43.3708 dB] [ET    22 ] [L0 53 52 51 50 ] [L1 ]
POC  415 TId: 0 ( P-SLICE, nQP 32 QP 32 )        272 bits [Y 42.1638 dB    U 43.3265 dB    V 43.3708 dB] [ET    22 ] [L0 54 53 52 51 ] [L1 ]
POC  416 TId: 0 ( P-SLICE, nQP 32 QP 32 )        272 bits [Y 42.1638 dB    U 43.3265 dB    V 43.3708 dB] [ET    22 ] [L0 55 54 53 52 ] [L1 ]
POC  417 TId: 0 ( P-SLICE, nQP 32 QP 32 )        272 bits [Y 42.1638 dB    U 43.3265 dB    V 43.3708 dB] [ET    23 ] [L0 56 55 54 53 ] [L1 ]
POC  418 TId: 0 ( P-SLICE, nQP 32 QP 32 )        272 bits [Y 42.1638 dB    U 43.3265 dB    V 43.3708 dB] [ET    23 ] [L0 57 56 55 54 ] [L1 ]
POC  419 TId: 0 ( P-SLICE, nQP 32 QP 32 )        272 bits [Y 42.1638 dB    U 43.3265 dB    V 43.3708 dB] [ET    22 ] [L0 58 57 56 55 ] [L1 ]
POC  420 TId: 0 ( I-SLICE, nQP 32 QP 32 )     266264 bits [Y 41.4126 dB    U 42.9062 dB    V 42.9146 dB] [ET    13 ] [L0 ] [L1 ]
POC  421 TId: 0 ( P-SLICE, nQP 32 QP 32 )       9440 bits [Y 41.7871 dB    U 43.1760 dB    V 43.1469 dB] [ET    20 ] [L0 0 ] [L1 ]
POC  422 TId: 0 ( P-SLICE, nQP 32 QP 32 )       2152 bits [Y 41.9470 dB    U 43.1959 dB    V 43.2142 dB] [ET    20 ] [L0 1 0 ] [L1 ]
POC  423 TId: 0 ( P-SLICE, nQP 32 QP 32 )       2032 bits [Y 42.0550 dB    U 43.2302 dB    V 43.2759 dB] [ET    21 ] [L0 2 1 0 ] [L1 ]
POC  424 TId: 0 ( P-SLICE, nQP 32 QP 32 )       1176 bits [Y 42.1020 dB    U 43.2480 dB    V 43.2989 dB] [ET    23 ] [L0 3 2 1 0 ] [L1 ]
POC  425 TId: 0 ( P-SLICE, nQP 32 QP 32 )        816 bits [Y 42.1289 dB    U 43.2485 dB    V 43.3142 dB] [ET    23 ] [L0 4 3 2 1 ] [L1 ]
POC  426 TId: 0 ( P-SLICE, nQP 32 QP 32 )        376 bits [Y 42.1341 dB    U 43.2485 dB    V 43.3143 dB] [ET    23 ] [L0 5 4 3 2 ] [L1 ]
POC  427 TId: 0 ( P-SLICE, nQP 32 QP 32 )        408 bits [Y 42.1432 dB    U 43.2516 dB    V 43.3146 dB] [ET    23 ] [L0 6 5 4 3 ] [L1 ]
POC  428 TId: 0 ( P-SLICE, nQP 32 QP 32 )        272 bits [Y 42.1432 dB    U 43.2516 dB    V 43.3146 dB] [ET    23 ] [L0 7 6 5 4 ] [L1 ]
POC  429 TId: 0 ( P-SLICE, nQP 32 QP 32 )        272 bits [Y 42.1432 dB    U 43.2516 dB    V 43.3146 dB] [ET    23 ] [L0 8 7 6 5 ] [L1 ]
POC  430 TId: 0 ( P-SLICE, nQP 32 QP 32 )        272 bits [Y 42.1432 dB    U 43.2516 dB    V 43.3146 dB] [ET    23 ] [L0 9 8 7 6 ] [L1 ]
POC  431 TId: 0 ( P-SLICE, nQP 32 QP 32 )        272 bits [Y 42.1432 dB    U 43.2516 dB    V 43.3146 dB] [ET    24 ] [L0 10 9 8 7 ] [L1 ]
POC  432 TId: 0 ( P-SLICE, nQP 32 QP 32 )        272 bits [Y 42.1432 dB    U 43.2516 dB    V 43.3146 dB] [ET    24 ] [L0 11 10 9 8 ] [L1 ]
POC  433 TId: 0 ( P-SLICE, nQP 32 QP 32 )        272 bits [Y 42.1432 dB    U 43.2516 dB    V 43.3146 dB] [ET    24 ] [L0 12 11 10 9 ] [L1 ]
POC  434 TId: 0 ( P-SLICE, nQP 32 QP 32 )        272 bits [Y 42.1432 dB    U 43.2516 dB    V 43.3146 dB] [ET    24 ] [L0 13 12 11 10 ] [L1 ]
POC  435 TId: 0 ( P-SLICE, nQP 32 QP 32 )        272 bits [Y 42.1432 dB    U 43.2516 dB    V 43.3146 dB] [ET    24 ] [L0 14 13 12 11 ] [L1 ]
POC  436 TId: 0 ( P-SLICE, nQP 32 QP 32 )        272 bits [Y 42.1432 dB    U 43.2516 dB    V 43.3146 dB] [ET    24 ] [L0 15 14 13 12 ] [L1 ]
POC  437 TId: 0 ( P-SLICE, nQP 32 QP 32 )        272 bits [Y 42.1432 dB    U 43.2516 dB    V 43.3146 dB] [ET    24 ] [L0 16 15 14 13 ] [L1 ]
POC  438 TId: 0 ( P-SLICE, nQP 32 QP 32 )        272 bits [Y 42.1432 dB    U 43.2516 dB    V 43.3146 dB] [ET    24 ] [L0 17 16 15 14 ] [L1 ]
POC  439 TId: 0 ( P-SLICE, nQP 32 QP 32 )        272 bits [Y 42.1432 dB    U 43.2516 dB    V 43.3146 dB] [ET    23 ] [L0 18 17 16 15 ] [L1 ]
POC  440 TId: 0 ( P-SLICE, nQP 32 QP 32 )        272 bits [Y 42.1432 dB    U 43.2516 dB    V 43.3146 dB] [ET    23 ] [L0 19 18 17 16 ] [L1 ]
POC  441 TId: 0 ( P-SLICE, nQP 32 QP 32 )        272 bits [Y 42.1432 dB    U 43.2516 dB    V 43.3146 dB] [ET    23 ] [L0 20 19 18 17 ] [L1 ]
POC  442 TId: 0 ( P-SLICE, nQP 32 QP 32 )        272 bits [Y 42.1432 dB    U 43.2516 dB    V 43.3146 dB] [ET    23 ] [L0 21 20 19 18 ] [L1 ]
POC  443 TId: 0 ( P-SLICE, nQP 32 QP 32 )        272 bits [Y 42.1432 dB    U 43.2516 dB    V 43.3146 dB] [ET    23 ] [L0 22 21 20 19 ] [L1 ]
POC  444 TId: 0 ( P-SLICE, nQP 32 QP 32 )        272 bits [Y 42.1432 dB    U 43.2516 dB    V 43.3146 dB] [ET    23 ] [L0 23 22 21 20 ] [L1 ]
POC  445 TId: 0 ( P-SLICE, nQP 32 QP 32 )        272 bits [Y 42.1432 dB    U 43.2516 dB    V 43.3146 dB] [ET    23 ] [L0 24 23 22 21 ] [L1 ]
POC  446 TId: 0 ( P-SLICE, nQP 32 QP 32 )        272 bits [Y 42.1432 dB    U 43.2516 dB    V 43.3146 dB] [ET    23 ] [L0 25 24 23 22 ] [L1 ]
POC  447 TId: 0 ( P-SLICE, nQP 32 QP 32 )        272 bits [Y 42.1432 dB    U 43.2516 dB    V 43.3146 dB] [ET    23 ] [L0 26 25 24 23 ] [L1 ]
POC  448 TId: 0 ( P-SLICE, nQP 32 QP 32 )        272 bits [Y 42.1432 dB    U 43.2516 dB    V 43.3146 dB] [ET    23 ] [L0 27 26 25 24 ] [L1 ]
POC  449 TId: 0 ( P-SLICE, nQP 32 QP 32 )        272 bits [Y 42.1432 dB    U 43.2516 dB    V 43.3146 dB] [ET    23 ] [L0 28 27 26 25 ] [L1 ]
POC  450 TId: 0 ( P-SLICE, nQP 32 QP 32 )        272 bits [Y 42.1432 dB    U 43.2516 dB    V 43.3146 dB] [ET    23 ] [L0 29 28 27 26 ] [L1 ]
POC  451 TId: 0 ( P-SLICE, nQP 32 QP 32 )        272 bits [Y 42.1432 dB    U 43.2516 dB    V 43.3146 dB] [ET    23 ] [L0 30 29 28 27 ] [L1 ]
POC  452 TId: 0 ( P-SLICE, nQP 32 QP 32 )        272 bits [Y 42.1432 dB    U 43.2516 dB    V 43.3146 dB] [ET    23 ] [L0 31 30 29 28 ] [L1 ]
POC  453 TId: 0 ( P-SLICE, nQP 32 QP 32 )        272 bits [Y 42.1432 dB    U 43.2516 dB    V 43.3146 dB] [ET    23 ] [L0 32 31 30 29 ] [L1 ]
POC  454 TId: 0 ( P-SLICE, nQP 32 QP 32 )        272 bits [Y 42.1432 dB    U 43.2516 dB    V 43.3146 dB] [ET    23 ] [L0 33 32 31 30 ] [L1 ]
POC  455 TId: 0 ( P-SLICE, nQP 32 QP 32 )        272 bits [Y 42.1432 dB    U 43.2516 dB    V 43.3146 dB] [ET    24 ] [L0 34 33 32 31 ] [L1 ]
POC  456 TId: 0 ( P-SLICE, nQP 32 QP 32 )        272 bits [Y 42.1432 dB    U 43.2516 dB    V 43.3146 dB] [ET    24 ] [L0 35 34 33 32 ] [L1 ]
POC  457 TId: 0 ( P-SLICE, nQP 32 QP 32 )        272 bits [Y 42.1432 dB    U 43.2516 dB    V 43.3146 dB] [ET    23 ] [L0 36 35 34 33 ] [L1 ]
POC  458 TId: 0 ( P-SLICE, nQP 32 QP 32 )        272 bits [Y 42.1432 dB    U 43.2516 dB    V 43.3146 dB] [ET    23 ] [L0 37 36 35 34 ] [L1 ]
POC  459 TId: 0 ( P-SLICE, nQP 32 QP 32 )        272 bits [Y 42.1432 dB    U 43.2516 dB    V 43.3146 dB] [ET    23 ] [L0 38 37 36 35 ] [L1 ]
POC  460 TId: 0 ( P-SLICE, nQP 32 QP 32 )        272 bits [Y 42.1432 dB    U 43.2516 dB    V 43.3146 dB] [ET    23 ] [L0 39 38 37 36 ] [L1 ]
POC  461 TId: 0 ( P-SLICE, nQP 32 QP 32 )        272 bits [Y 42.1432 dB    U 43.2516 dB    V 43.3146 dB] [ET    23 ] [L0 40 39 38 37 ] [L1 ]
POC  462 TId: 0 ( P-SLICE, nQP 32 QP 32 )        272 bits [Y 42.1432 dB    U 43.2516 dB    V 43.3146 dB] [ET    23 ] [L0 41 40 39 38 ] [L1 ]
POC  463 TId: 0 ( P-SLICE, nQP 32 QP 32 )        272 bits [Y 42.1432 dB    U 43.2516 dB    V 43.3146 dB] [ET    23 ] [L0 42 41 40 39 ] [L1 ]
POC  464 TId: 0 ( P-SLICE, nQP 32 QP 32 )        272 bits [Y 42.1432 dB    U 43.2516 dB    V 43.3146 dB] [ET    24 ] [L0 43 42 41 40 ] [L1 ]
POC  465 TId: 0 ( P-SLICE, nQP 32 QP 32 )        272 bits [Y 42.1432 dB    U 43.2516 dB    V 43.3146 dB] [ET    24 ] [L0 44 43 42 41 ] [L1 ]
POC  466 TId: 0 ( P-SLICE, nQP 32 QP 32 )        272 bits [Y 42.1432 dB    U 43.2516 dB    V 43.3146 dB] [ET    23 ] [L0 45 44 43 42 ] [L1 ]
POC  467 TId: 0 ( P-SLICE, nQP 32 QP 32 )        272 bits [Y 42.1432 dB    U 43.2516 dB    V 43.3146 dB] [ET    23 ] [L0 46 45 44 43 ] [L1 ]
POC  468 TId: 0 ( P-SLICE, nQP 32 QP 32 )        272 bits [Y 42.1432 dB    U 43.2516 dB    V 43.3146 dB] [ET    23 ] [L0 47 46 45 44 ] [L1 ]
POC  469 TId: 0 ( P-SLICE, nQP 32 QP 32 )        272 bits [Y 42.1432 dB    U 43.2516 dB    V 43.3146 dB] [ET    24 ] [L0 48 47 46 45 ] [L1 ]
POC  470 TId: 0 ( P-SLICE, nQP 32 QP 32 )        272 bits [Y 42.1432 dB    U 43.2516 dB    V 43.3146 dB] [ET    23 ] [L0 49 48 47 46 ] [L1 ]
POC  471 TId: 0 ( P-SLICE, nQP 32 QP 32 )        272 bits [Y 42.1432 dB    U 43.2516 dB    V 43.3146 dB] [ET    23 ] [L0 50 49 48 47 ] [L1 ]
POC  472 TId: 0 ( P-SLICE, nQP 32 QP 32 )        272 bits [Y 42.1432 dB    U 43.2516 dB    V 43.3146 dB] [ET    23 ] [L0 51 50 49 48 ] [L1 ]
POC  473 TId: 0 ( P-SLICE, nQP 32 QP 32 )        272 bits [Y 42.1432 dB    U 43.2516 dB    V 43.3146 dB] [ET    23 ] [L0 52 51 50 49 ] [L1 ]
POC  474 TId: 0 ( P-SLICE, nQP 32 QP 32 )        272 bits [Y 42.1432 dB    U 43.2516 dB    V 43.3146 dB] [ET    23 ] [L0 53 52 51 50 ] [L1 ]
POC  475 TId: 0 ( P-SLICE, nQP 32 QP 32 )        272 bits [Y 42.1432 dB    U 43.2516 dB    V 43.3146 dB] [ET    23 ] [L0 54 53 52 51 ] [L1 ]
POC  476 TId: 0 ( P-SLICE, nQP 32 QP 32 )        272 bits [Y 42.1432 dB    U 43.2516 dB    V 43.3146 dB] [ET    23 ] [L0 55 54 53 52 ] [L1 ]
POC  477 TId: 0 ( P-SLICE, nQP 32 QP 32 )        272 bits [Y 42.1432 dB    U 43.2516 dB    V 43.3146 dB] [ET    23 ] [L0 56 55 54 53 ] [L1 ]
POC  478 TId: 0 ( P-SLICE, nQP 32 QP 32 )        272 bits [Y 42.1432 dB    U 43.2516 dB    V 43.3146 dB] [ET    22 ] [L0 57 56 55 54 ] [L1 ]
POC  479 TId: 0 ( P-SLICE, nQP 32 QP 32 )        272 bits [Y 42.1432 dB    U 43.2516 dB    V 43.3146 dB] [ET    22 ] [L0 58 57 56 55 ] [L1 ]
POC  480 TId: 0 ( I-SLICE, nQP 32 QP 32 )     266264 bits [Y 41.4126 dB    U 42.9062 dB    V 42.9146 dB] [ET    13 ] [L0 ] [L1 ]
POC  481 TId: 0 ( P-SLICE, nQP 32 QP 32 )       9440 bits [Y 41.7871 dB    U 43.1760 dB    V 43.1469 dB] [ET    20 ] [L0 0 ] [L1 ]
POC  482 TId: 0 ( P-SLICE, nQP 32 QP 32 )       2152 bits [Y 41.9470 dB    U 43.1959 dB    V 43.2142 dB] [ET    20 ] [L0 1 0 ] [L1 ]
POC  483 TId: 0 ( P-SLICE, nQP 32 QP 32 )       2032 bits [Y 42.0550 dB    U 43.2302 dB    V 43.2759 dB] [ET    21 ] [L0 2 1 0 ] [L1 ]
POC  484 TId: 0 ( P-SLICE, nQP 32 QP 32 )       1176 bits [Y 42.1020 dB    U 43.2480 dB    V 43.2989 dB] [ET    23 ] [L0 3 2 1 0 ] [L1 ]
POC  485 TId: 0 ( P-SLICE, nQP 32 QP 32 )        816 bits [Y 42.1289 dB    U 43.2485 dB    V 43.3142 dB] [ET    23 ] [L0 4 3 2 1 ] [L1 ]
POC  486 TId: 0 ( P-SLICE, nQP 32 QP 32 )        376 bits [Y 42.1341 dB    U 43.2485 dB    V 43.3143 dB] [ET    23 ] [L0 5 4 3 2 ] [L1 ]
POC  487 TId: 0 ( P-SLICE, nQP 32 QP 32 )        408 bits [Y 42.1432 dB    U 43.2516 dB    V 43.3146 dB] [ET    23 ] [L0 6 5 4 3 ] [L1 ]
POC  488 TId: 0 ( P-SLICE, nQP 32 QP 32 )        272 bits [Y 42.1432 dB    U 43.2516 dB    V 43.3146 dB] [ET    23 ] [L0 7 6 5 4 ] [L1 ]
POC  489 TId: 0 ( P-SLICE, nQP 32 QP 32 )        272 bits [Y 42.1432 dB    U 43.2516 dB    V 43.3146 dB] [ET    23 ] [L0 8 7 6 5 ] [L1 ]
POC  490 TId: 0 ( P-SLICE, nQP 32 QP 32 )        272 bits [Y 42.1432 dB    U 43.2516 dB    V 43.3146 dB] [ET    23 ] [L0 9 8 7 6 ] [L1 ]
POC  491 TId: 0 ( P-SLICE, nQP 32 QP 32 )        272 bits [Y 42.1432 dB    U 43.2516 dB    V 43.3146 dB] [ET    23 ] [L0 10 9 8 7 ] [L1 ]
POC  492 TId: 0 ( P-SLICE, nQP 32 QP 32 )        272 bits [Y 42.1432 dB    U 43.2516 dB    V 43.3146 dB] [ET    23 ] [L0 11 10 9 8 ] [L1 ]
POC  493 TId: 0 ( P-SLICE, nQP 32 QP 32 )        272 bits [Y 42.1432 dB    U 43.2516 dB    V 43.3146 dB] [ET    23 ] [L0 12 11 10 9 ] [L1 ]
POC  494 TId: 0 ( P-SLICE, nQP 32 QP 32 )        272 bits [Y 42.1432 dB    U 43.2516 dB    V 43.3146 dB] [ET    23 ] [L0 13 12 11 10 ] [L1 ]
POC  495 TId: 0 ( P-SLICE, nQP 32 QP 32 )        272 bits [Y 42.1432 dB    U 43.2516 dB    V 43.3146 dB] [ET    23 ] [L0 14 13 12 11 ] [L1 ]
POC  496 TId: 0 ( P-SLICE, nQP 32 QP 32 )        272 bits [Y 42.1432 dB    U 43.2516 dB    V 43.3146 dB] [ET    23 ] [L0 15 14 13 12 ] [L1 ]
POC  497 TId: 0 ( P-SLICE, nQP 32 QP 32 )        272 bits [Y 42.1432 dB    U 43.2516 dB    V 43.3146 dB] [ET    23 ] [L0 16 15 14 13 ] [L1 ]
POC  498 TId: 0 ( P-SLICE, nQP 32 QP 32 )        272 bits [Y 42.1432 dB    U 43.2516 dB    V 43.3146 dB] [ET    23 ] [L0 17 16 15 14 ] [L1 ]
POC  499 TId: 0 ( P-SLICE, nQP 32 QP 32 )        272 bits [Y 42.1432 dB    U 43.2516 dB    V 43.3146 dB] [ET    23 ] [L0 18 17 16 15 ] [L1 ]
POC  500 TId: 0 ( P-SLICE, nQP 32 QP 32 )        272 bits [Y 42.1432 dB    U 43.2516 dB    V 43.3146 dB] [ET    23 ] [L0 19 18 17 16 ] [L1 ]
POC  501 TId: 0 ( P-SLICE, nQP 32 QP 32 )        272 bits [Y 42.1432 dB    U 43.2516 dB    V 43.3146 dB] [ET    23 ] [L0 20 19 18 17 ] [L1 ]
POC  502 TId: 0 ( P-SLICE, nQP 32 QP 32 )        272 bits [Y 42.1432 dB    U 43.2516 dB    V 43.3146 dB] [ET    23 ] [L0 21 20 19 18 ] [L1 ]
POC  503 TId: 0 ( P-SLICE, nQP 32 QP 32 )        272 bits [Y 42.1432 dB    U 43.2516 dB    V 43.3146 dB] [ET    23 ] [L0 22 21 20 19 ] [L1 ]
POC  504 TId: 0 ( P-SLICE, nQP 32 QP 32 )        272 bits [Y 42.1432 dB    U 43.2516 dB    V 43.3146 dB] [ET    23 ] [L0 23 22 21 20 ] [L1 ]
POC  505 TId: 0 ( P-SLICE, nQP 32 QP 32 )        272 bits [Y 42.1432 dB    U 43.2516 dB    V 43.3146 dB] [ET    23 ] [L0 24 23 22 21 ] [L1 ]
POC  506 TId: 0 ( P-SLICE, nQP 32 QP 32 )        272 bits [Y 42.1432 dB    U 43.2516 dB    V 43.3146 dB] [ET    23 ] [L0 25 24 23 22 ] [L1 ]
POC  507 TId: 0 ( P-SLICE, nQP 32 QP 32 )        272 bits [Y 42.1432 dB    U 43.2516 dB    V 43.3146 dB] [ET    23 ] [L0 26 25 24 23 ] [L1 ]
POC  508 TId: 0 ( P-SLICE, nQP 32 QP 32 )        272 bits [Y 42.1432 dB    U 43.2516 dB    V 43.3146 dB] [ET    23 ] [L0 27 26 25 24 ] [L1 ]
POC  509 TId: 0 ( P-SLICE, nQP 32 QP 32 )        272 bits [Y 42.1432 dB    U 43.2516 dB    V 43.3146 dB] [ET    23 ] [L0 28 27 26 25 ] [L1 ]
POC  510 TId: 0 ( P-SLICE, nQP 32 QP 32 )        272 bits [Y 42.1432 dB    U 43.2516 dB    V 43.3146 dB] [ET    23 ] [L0 29 28 27 26 ] [L1 ]
POC  511 TId: 0 ( P-SLICE, nQP 32 QP 32 )        272 bits [Y 42.1432 dB    U 43.2516 dB    V 43.3146 dB] [ET    23 ] [L0 30 29 28 27 ] [L1 ]
POC  512 TId: 0 ( P-SLICE, nQP 32 QP 32 )        272 bits [Y 42.1432 dB    U 43.2516 dB    V 43.3146 dB] [ET    23 ] [L0 31 30 29 28 ] [L1 ]
POC  513 TId: 0 ( P-SLICE, nQP 32 QP 32 )        272 bits [Y 42.1432 dB    U 43.2516 dB    V 43.3146 dB] [ET    23 ] [L0 32 31 30 29 ] [L1 ]
POC  514 TId: 0 ( P-SLICE, nQP 32 QP 32 )        272 bits [Y 42.1432 dB    U 43.2516 dB    V 43.3146 dB] [ET    23 ] [L0 33 32 31 30 ] [L1 ]
POC  515 TId: 0 ( P-SLICE, nQP 32 QP 32 )        272 bits [Y 42.1432 dB    U 43.2516 dB    V 43.3146 dB] [ET    23 ] [L0 34 33 32 31 ] [L1 ]
POC  516 TId: 0 ( P-SLICE, nQP 32 QP 32 )        272 bits [Y 42.1432 dB    U 43.2516 dB    V 43.3146 dB] [ET    23 ] [L0 35 34 33 32 ] [L1 ]
POC  517 TId: 0 ( P-SLICE, nQP 32 QP 32 )        272 bits [Y 42.1432 dB    U 43.2516 dB    V 43.3146 dB] [ET    23 ] [L0 36 35 34 33 ] [L1 ]
POC  518 TId: 0 ( P-SLICE, nQP 32 QP 32 )        272 bits [Y 42.1432 dB    U 43.2516 dB    V 43.3146 dB] [ET    23 ] [L0 37 36 35 34 ] [L1 ]
POC  519 TId: 0 ( P-SLICE, nQP 32 QP 32 )        272 bits [Y 42.1432 dB    U 43.2516 dB    V 43.3146 dB] [ET    23 ] [L0 38 37 36 35 ] [L1 ]
POC  520 TId: 0 ( P-SLICE, nQP 32 QP 32 )        272 bits [Y 42.1432 dB    U 43.2516 dB    V 43.3146 dB] [ET    23 ] [L0 39 38 37 36 ] [L1 ]
POC  521 TId: 0 ( P-SLICE, nQP 32 QP 32 )        272 bits [Y 42.1432 dB    U 43.2516 dB    V 43.3146 dB] [ET    23 ] [L0 40 39 38 37 ] [L1 ]
POC  522 TId: 0 ( P-SLICE, nQP 32 QP 32 )        272 bits [Y 42.1432 dB    U 43.2516 dB    V 43.3146 dB] [ET    23 ] [L0 41 40 39 38 ] [L1 ]
POC  523 TId: 0 ( P-SLICE, nQP 32 QP 32 )        272 bits [Y 42.1432 dB    U 43.2516 dB    V 43.3146 dB] [ET    23 ] [L0 42 41 40 39 ] [L1 ]
POC  524 TId: 0 ( P-SLICE, nQP 32 QP 32 )        272 bits [Y 42.1432 dB    U 43.2516 dB    V 43.3146 dB] [ET    23 ] [L0 43 42 41 40 ] [L1 ]
POC  525 TId: 0 ( P-SLICE, nQP 32 QP 32 )        272 bits [Y 42.1432 dB    U 43.2516 dB    V 43.3146 dB] [ET    23 ] [L0 44 43 42 41 ] [L1 ]
POC  526 TId: 0 ( P-SLICE, nQP 32 QP 32 )        272 bits [Y 42.1432 dB    U 43.2516 dB    V 43.3146 dB] [ET    23 ] [L0 45 44 43 42 ] [L1 ]
POC  527 TId: 0 ( P-SLICE, nQP 32 QP 32 )        272 bits [Y 42.1432 dB    U 43.2516 dB    V 43.3146 dB] [ET    23 ] [L0 46 45 44 43 ] [L1 ]
POC  528 TId: 0 ( P-SLICE, nQP 32 QP 32 )        272 bits [Y 42.1432 dB    U 43.2516 dB    V 43.3146 dB] [ET    23 ] [L0 47 46 45 44 ] [L1 ]
POC  529 TId: 0 ( P-SLICE, nQP 32 QP 32 )        272 bits [Y 42.1432 dB    U 43.2516 dB    V 43.3146 dB] [ET    23 ] [L0 48 47 46 45 ] [L1 ]
POC  530 TId: 0 ( P-SLICE, nQP 32 QP 32 )        272 bits [Y 42.1432 dB    U 43.2516 dB    V 43.3146 dB] [ET    23 ] [L0 49 48 47 46 ] [L1 ]
POC  531 TId: 0 ( P-SLICE, nQP 32 QP 32 )        272 bits [Y 42.1432 dB    U 43.2516 dB    V 43.3146 dB] [ET    23 ] [L0 50 49 48 47 ] [L1 ]
POC  532 TId: 0 ( P-SLICE, nQP 32 QP 32 )        272 bits [Y 42.1432 dB    U 43.2516 dB    V 43.3146 dB] [ET    23 ] [L0 51 50 49 48 ] [L1 ]
POC  533 TId: 0 ( P-SLICE, nQP 32 QP 32 )        272 bits [Y 42.1432 dB    U 43.2516 dB    V 43.3146 dB] [ET    23 ] [L0 52 51 50 49 ] [L1 ]
POC  534 TId: 0 ( P-SLICE, nQP 32 QP 32 )        272 bits [Y 42.1432 dB    U 43.2516 dB    V 43.3146 dB] [ET    23 ] [L0 53 52 51 50 ] [L1 ]
POC  535 TId: 0 ( P-SLICE, nQP 32 QP 32 )        272 bits [Y 42.1432 dB    U 43.2516 dB    V 43.3146 dB] [ET    23 ] [L0 54 53 52 51 ] [L1 ]
POC  536 TId: 0 ( P-SLICE, nQP 32 QP 32 )        272 bits [Y 42.1432 dB    U 43.2516 dB    V 43.3146 dB] [ET    23 ] [L0 55 54 53 52 ] [L1 ]
POC  537 TId: 0 ( P-SLICE, nQP 32 QP 32 )        272 bits [Y 42.1432 dB    U 43.2516 dB    V 43.3146 dB] [ET    23 ] [L0 56 55 54 53 ] [L1 ]
POC  538 TId: 0 ( P-SLICE, nQP 32 QP 32 )        272 bits [Y 42.1432 dB    U 43.2516 dB    V 43.3146 dB] [ET    23 ] [L0 57 56 55 54 ] [L1 ]
POC  539 TId: 0 ( P-SLICE, nQP 32 QP 32 )        272 bits [Y 42.1432 dB    U 43.2516 dB    V 43.3146 dB] [ET    23 ] [L0 58 57 56 55 ] [L1 ]
POC  540 TId: 0 ( I-SLICE, nQP 32 QP 32 )     266264 bits [Y 41.4126 dB    U 42.9062 dB    V 42.9146 dB] [ET    13 ] [L0 ] [L1 ]
POC  541 TId: 0 ( P-SLICE, nQP 32 QP 32 )       9440 bits [Y 41.7871 dB    U 43.1760 dB    V 43.1469 dB] [ET    20 ] [L0 0 ] [L1 ]
POC  542 TId: 0 ( P-SLICE, nQP 32 QP 32 )       2152 bits [Y 41.9470 dB    U 43.1959 dB    V 43.2142 dB] [ET    20 ] [L0 1 0 ] [L1 ]
POC  543 TId: 0 ( P-SLICE, nQP 32 QP 32 )       2032 bits [Y 42.0550 dB    U 43.2302 dB    V 43.2759 dB] [ET    22 ] [L0 2 1 0 ] [L1 ]
POC  544 TId: 0 ( P-SLICE, nQP 32 QP 32 )       1176 bits [Y 42.1020 dB    U 43.2480 dB    V 43.2989 dB] [ET    23 ] [L0 3 2 1 0 ] [L1 ]
POC  545 TId: 0 ( P-SLICE, nQP 32 QP 32 )        816 bits [Y 42.1289 dB    U 43.2485 dB    V 43.3142 dB] [ET    23 ] [L0 4 3 2 1 ] [L1 ]
POC  546 TId: 0 ( P-SLICE, nQP 32 QP 32 )        376 bits [Y 42.1341 dB    U 43.2485 dB    V 43.3143 dB] [ET    23 ] [L0 5 4 3 2 ] [L1 ]
POC  547 TId: 0 ( P-SLICE, nQP 32 QP 32 )        408 bits [Y 42.1432 dB    U 43.2516 dB    V 43.3146 dB] [ET    23 ] [L0 6 5 4 3 ] [L1 ]
POC  548 TId: 0 ( P-SLICE, nQP 32 QP 32 )        272 bits [Y 42.1432 dB    U 43.2516 dB    V 43.3146 dB] [ET    23 ] [L0 7 6 5 4 ] [L1 ]
POC  549 TId: 0 ( P-SLICE, nQP 32 QP 32 )        272 bits [Y 42.1432 dB    U 43.2516 dB    V 43.3146 dB] [ET    23 ] [L0 8 7 6 5 ] [L1 ]
POC  550 TId: 0 ( P-SLICE, nQP 32 QP 32 )        272 bits [Y 42.1432 dB    U 43.2516 dB    V 43.3146 dB] [ET    22 ] [L0 9 8 7 6 ] [L1 ]
POC  551 TId: 0 ( P-SLICE, nQP 32 QP 32 )        272 bits [Y 42.1432 dB    U 43.2516 dB    V 43.3146 dB] [ET    22 ] [L0 10 9 8 7 ] [L1 ]
POC  552 TId: 0 ( P-SLICE, nQP 32 QP 32 )        272 bits [Y 42.1432 dB    U 43.2516 dB    V 43.3146 dB] [ET    22 ] [L0 11 10 9 8 ] [L1 ]
POC  553 TId: 0 ( P-SLICE, nQP 32 QP 32 )        272 bits [Y 42.1432 dB    U 43.2516 dB    V 43.3146 dB] [ET    22 ] [L0 12 11 10 9 ] [L1 ]
POC  554 TId: 0 ( P-SLICE, nQP 32 QP 32 )        272 bits [Y 42.1432 dB    U 43.2516 dB    V 43.3146 dB] [ET    22 ] [L0 13 12 11 10 ] [L1 ]
POC  555 TId: 0 ( P-SLICE, nQP 32 QP 32 )        272 bits [Y 42.1432 dB    U 43.2516 dB    V 43.3146 dB] [ET    22 ] [L0 14 13 12 11 ] [L1 ]
POC  556 TId: 0 ( P-SLICE, nQP 32 QP 32 )        272 bits [Y 42.1432 dB    U 43.2516 dB    V 43.3146 dB] [ET    23 ] [L0 15 14 13 12 ] [L1 ]
POC  557 TId: 0 ( P-SLICE, nQP 32 QP 32 )        272 bits [Y 42.1432 dB    U 43.2516 dB    V 43.3146 dB] [ET    23 ] [L0 16 15 14 13 ] [L1 ]
POC  558 TId: 0 ( P-SLICE, nQP 32 QP 32 )        272 bits [Y 42.1432 dB    U 43.2516 dB    V 43.3146 dB] [ET    23 ] [L0 17 16 15 14 ] [L1 ]
POC  559 TId: 0 ( P-SLICE, nQP 32 QP 32 )        272 bits [Y 42.1432 dB    U 43.2516 dB    V 43.3146 dB] [ET    23 ] [L0 18 17 16 15 ] [L1 ]
POC  560 TId: 0 ( P-SLICE, nQP 32 QP 32 )        272 bits [Y 42.1432 dB    U 43.2516 dB    V 43.3146 dB] [ET    23 ] [L0 19 18 17 16 ] [L1 ]
POC  561 TId: 0 ( P-SLICE, nQP 32 QP 32 )        272 bits [Y 42.1432 dB    U 43.2516 dB    V 43.3146 dB] [ET    24 ] [L0 20 19 18 17 ] [L1 ]
POC  562 TId: 0 ( P-SLICE, nQP 32 QP 32 )        272 bits [Y 42.1432 dB    U 43.2516 dB    V 43.3146 dB] [ET    24 ] [L0 21 20 19 18 ] [L1 ]
POC  563 TId: 0 ( P-SLICE, nQP 32 QP 32 )        272 bits [Y 42.1432 dB    U 43.2516 dB    V 43.3146 dB] [ET    24 ] [L0 22 21 20 19 ] [L1 ]
POC  564 TId: 0 ( P-SLICE, nQP 32 QP 32 )        272 bits [Y 42.1432 dB    U 43.2516 dB    V 43.3146 dB] [ET    23 ] [L0 23 22 21 20 ] [L1 ]
POC  565 TId: 0 ( P-SLICE, nQP 32 QP 32 )        272 bits [Y 42.1432 dB    U 43.2516 dB    V 43.3146 dB] [ET    23 ] [L0 24 23 22 21 ] [L1 ]
POC  566 TId: 0 ( P-SLICE, nQP 32 QP 32 )        272 bits [Y 42.1432 dB    U 43.2516 dB    V 43.3146 dB] [ET    23 ] [L0 25 24 23 22 ] [L1 ]
POC  567 TId: 0 ( P-SLICE, nQP 32 QP 32 )        272 bits [Y 42.1432 dB    U 43.2516 dB    V 43.3146 dB] [ET    23 ] [L0 26 25 24 23 ] [L1 ]
POC  568 TId: 0 ( P-SLICE, nQP 32 QP 32 )        272 bits [Y 42.1432 dB    U 43.2516 dB    V 43.3146 dB] [ET    23 ] [L0 27 26 25 24 ] [L1 ]
POC  569 TId: 0 ( P-SLICE, nQP 32 QP 32 )        272 bits [Y 42.1432 dB    U 43.2516 dB    V 43.3146 dB] [ET    23 ] [L0 28 27 26 25 ] [L1 ]
POC  570 TId: 0 ( P-SLICE, nQP 32 QP 32 )        272 bits [Y 42.1432 dB    U 43.2516 dB    V 43.3146 dB] [ET    23 ] [L0 29 28 27 26 ] [L1 ]
POC  571 TId: 0 ( P-SLICE, nQP 32 QP 32 )        272 bits [Y 42.1432 dB    U 43.2516 dB    V 43.3146 dB] [ET    23 ] [L0 30 29 28 27 ] [L1 ]
POC  572 TId: 0 ( P-SLICE, nQP 32 QP 32 )        272 bits [Y 42.1432 dB    U 43.2516 dB    V 43.3146 dB] [ET    23 ] [L0 31 30 29 28 ] [L1 ]
POC  573 TId: 0 ( P-SLICE, nQP 32 QP 32 )        272 bits [Y 42.1432 dB    U 43.2516 dB    V 43.3146 dB] [ET    23 ] [L0 32 31 30 29 ] [L1 ]
POC  574 TId: 0 ( P-SLICE, nQP 32 QP 32 )        272 bits [Y 42.1432 dB    U 43.2516 dB    V 43.3146 dB] [ET    23 ] [L0 33 32 31 30 ] [L1 ]
POC  575 TId: 0 ( P-SLICE, nQP 32 QP 32 )        272 bits [Y 42.1432 dB    U 43.2516 dB    V 43.3146 dB] [ET    23 ] [L0 34 33 32 31 ] [L1 ]
POC  576 TId: 0 ( P-SLICE, nQP 32 QP 32 )        272 bits [Y 42.1432 dB    U 43.2516 dB    V 43.3146 dB] [ET    23 ] [L0 35 34 33 32 ] [L1 ]
POC  577 TId: 0 ( P-SLICE, nQP 32 QP 32 )        272 bits [Y 42.1432 dB    U 43.2516 dB    V 43.3146 dB] [ET    23 ] [L0 36 35 34 33 ] [L1 ]
POC  578 TId: 0 ( P-SLICE, nQP 32 QP 32 )        272 bits [Y 42.1432 dB    U 43.2516 dB    V 43.3146 dB] [ET    23 ] [L0 37 36 35 34 ] [L1 ]
POC  579 TId: 0 ( P-SLICE, nQP 32 QP 32 )        272 bits [Y 42.1432 dB    U 43.2516 dB    V 43.3146 dB] [ET    23 ] [L0 38 37 36 35 ] [L1 ]
POC  580 TId: 0 ( P-SLICE, nQP 32 QP 32 )        272 bits [Y 42.1432 dB    U 43.2516 dB    V 43.3146 dB] [ET    23 ] [L0 39 38 37 36 ] [L1 ]
POC  581 TId: 0 ( P-SLICE, nQP 32 QP 32 )        272 bits [Y 42.1432 dB    U 43.2516 dB    V 43.3146 dB] [ET    23 ] [L0 40 39 38 37 ] [L1 ]
POC  582 TId: 0 ( P-SLICE, nQP 32 QP 32 )        272 bits [Y 42.1432 dB    U 43.2516 dB    V 43.3146 dB] [ET    23 ] [L0 41 40 39 38 ] [L1 ]
POC  583 TId: 0 ( P-SLICE, nQP 32 QP 32 )        272 bits [Y 42.1432 dB    U 43.2516 dB    V 43.3146 dB] [ET    23 ] [L0 42 41 40 39 ] [L1 ]
POC  584 TId: 0 ( P-SLICE, nQP 32 QP 32 )        272 bits [Y 42.1432 dB    U 43.2516 dB    V 43.3146 dB] [ET    23 ] [L0 43 42 41 40 ] [L1 ]
POC  585 TId: 0 ( P-SLICE, nQP 32 QP 32 )        272 bits [Y 42.1432 dB    U 43.2516 dB    V 43.3146 dB] [ET    23 ] [L0 44 43 42 41 ] [L1 ]
POC  586 TId: 0 ( P-SLICE, nQP 32 QP 32 )        272 bits [Y 42.1432 dB    U 43.2516 dB    V 43.3146 dB] [ET    23 ] [L0 45 44 43 42 ] [L1 ]
POC  587 TId: 0 ( P-SLICE, nQP 32 QP 32 )        272 bits [Y 42.1432 dB    U 43.2516 dB    V 43.3146 dB] [ET    23 ] [L0 46 45 44 43 ] [L1 ]
POC  588 TId: 0 ( P-SLICE, nQP 32 QP 32 )        272 bits [Y 42.1432 dB    U 43.2516 dB    V 43.3146 dB] [ET    23 ] [L0 47 46 45 44 ] [L1 ]
POC  589 TId: 0 ( P-SLICE, nQP 32 QP 32 )        272 bits [Y 42.1432 dB    U 43.2516 dB    V 43.3146 dB] [ET    23 ] [L0 48 47 46 45 ] [L1 ]
POC  590 TId: 0 ( P-SLICE, nQP 32 QP 32 )        272 bits [Y 42.1432 dB    U 43.2516 dB    V 43.3146 dB] [ET    23 ] [L0 49 48 47 46 ] [L1 ]
POC  591 TId: 0 ( P-SLICE, nQP 32 QP 32 )        272 bits [Y 42.1432 dB    U 43.2516 dB    V 43.3146 dB] [ET    23 ] [L0 50 49 48 47 ] [L1 ]
POC  592 TId: 0 ( P-SLICE, nQP 32 QP 32 )        272 bits [Y 42.1432 dB    U 43.2516 dB    V 43.3146 dB] [ET    23 ] [L0 51 50 49 48 ] [L1 ]
POC  593 TId: 0 ( P-SLICE, nQP 32 QP 32 )        272 bits [Y 42.1432 dB    U 43.2516 dB    V 43.3146 dB] [ET    23 ] [L0 52 51 50 49 ] [L1 ]
POC  594 TId: 0 ( P-SLICE, nQP 32 QP 32 )        272 bits [Y 42.1432 dB    U 43.2516 dB    V 43.3146 dB] [ET    23 ] [L0 53 52 51 50 ] [L1 ]
POC  595 TId: 0 ( P-SLICE, nQP 32 QP 32 )        272 bits [Y 42.1432 dB    U 43.2516 dB    V 43.3146 dB] [ET    23 ] [L0 54 53 52 51 ] [L1 ]
POC  596 TId: 0 ( P-SLICE, nQP 32 QP 32 )        272 bits [Y 42.1432 dB    U 43.2516 dB    V 43.3146 dB] [ET    23 ] [L0 55 54 53 52 ] [L1 ]
POC  597 TId: 0 ( P-SLICE, nQP 32 QP 32 )        272 bits [Y 42.1432 dB    U 43.2516 dB    V 43.3146 dB] [ET    23 ] [L0 56 55 54 53 ] [L1 ]
POC  598 TId: 0 ( P-SLICE, nQP 32 QP 32 )        272 bits [Y 42.1432 dB    U 43.2516 dB    V 43.3146 dB] [ET    22 ] [L0 57 56 55 54 ] [L1 ]
POC  599 TId: 0 ( P-SLICE, nQP 32 QP 32 )        272 bits [Y 42.1432 dB    U 43.2516 dB    V 43.3146 dB] [ET    22 ] [L0 58 57 56 55 ] [L1 ]


SUMMARY --------------------------------------------------------
	Total Frames |   Bitrate     Y-PSNR    U-PSNR    V-PSNR    YUV-PSNR  
	      600    a     368.3400   41.9963   43.8154   43.7983   42.4938  


I Slices--------------------------------------------------------
	Total Frames |   Bitrate     Y-PSNR    U-PSNR    V-PSNR    YUV-PSNR  
	       10    i   17347.9200   41.4361   43.5096   43.4429   41.9888  


P Slices--------------------------------------------------------
	Total Frames |   Bitrate     Y-PSNR    U-PSNR    V-PSNR    YUV-PSNR  
	      590    p      80.5505   42.0058   43.8206   43.8044   42.5029  


B Slices--------------------------------------------------------
	Total Frames |   Bitrate     Y-PSNR    U-PSNR    V-PSNR    YUV-PSNR  
	        0    b         -nan      -nan      -nan      -nan      -nan  

RVM: 15.167
Bytes written to file: 460425 (368.340 kbps)

 Total Time:    13760.620 sec.
